Using pre-set license
Built from '2022.3/staging' branch; Version is '2022.3.32f1 (c8300dc0a3fa) revision 13119501'; Using compiler version '192829333'; Build Type 'Release'
OS: 'Windows 10  (10.0.19045) 64bit Education' Language: 'en' Physical Memory: 32473 MB
BatchMode: 1, IsHumanControllingUs: 0, StartBugReporterOnCrash: 0, Is64bit: 1, IsPro: 1

COMMAND LINE ARGUMENTS:
C:\Program Files\Unity\Hub\Editor\2022.3.32f1\Editor\Unity.exe
-adb2
-batchMode
-noUpm
-name
AssetImportWorker3
-projectPath
C:/Users/malonhol000/Documents/UnityProjects/Aneurysm/Anuerysm
-logFile
Logs/AssetImportWorker3.log
-srvPort
53181
Successfully changed project path to: C:/Users/malonhol000/Documents/UnityProjects/Aneurysm/Anuerysm
C:/Users/malonhol000/Documents/UnityProjects/Aneurysm/Anuerysm
[UnityMemory] Configuration Parameters - Can be set up in boot.config
    "memorysetup-bucket-allocator-granularity=16"
    "memorysetup-bucket-allocator-bucket-count=8"
    "memorysetup-bucket-allocator-block-size=33554432"
    "memorysetup-bucket-allocator-block-count=8"
    "memorysetup-main-allocator-block-size=16777216"
    "memorysetup-thread-allocator-block-size=16777216"
    "memorysetup-gfx-main-allocator-block-size=16777216"
    "memorysetup-gfx-thread-allocator-block-size=16777216"
    "memorysetup-cache-allocator-block-size=4194304"
    "memorysetup-typetree-allocator-block-size=2097152"
    "memorysetup-profiler-bucket-allocator-granularity=16"
    "memorysetup-profiler-bucket-allocator-bucket-count=8"
    "memorysetup-profiler-bucket-allocator-block-size=33554432"
    "memorysetup-profiler-bucket-allocator-block-count=8"
    "memorysetup-profiler-allocator-block-size=16777216"
    "memorysetup-profiler-editor-allocator-block-size=1048576"
    "memorysetup-temp-allocator-size-main=16777216"
    "memorysetup-job-temp-allocator-block-size=2097152"
    "memorysetup-job-temp-allocator-block-size-background=1048576"
    "memorysetup-job-temp-allocator-reduction-small-platforms=262144"
    "memorysetup-allocator-temp-initial-block-size-main=262144"
    "memorysetup-allocator-temp-initial-block-size-worker=262144"
    "memorysetup-temp-allocator-size-background-worker=32768"
    "memorysetup-temp-allocator-size-job-worker=262144"
    "memorysetup-temp-allocator-size-preload-manager=33554432"
    "memorysetup-temp-allocator-size-nav-mesh-worker=65536"
    "memorysetup-temp-allocator-size-audio-worker=65536"
    "memorysetup-temp-allocator-size-cloud-worker=32768"
    "memorysetup-temp-allocator-size-gi-baking-worker=262144"
    "memorysetup-temp-allocator-size-gfx=262144"
Player connection [19944] Host "[IP] 10.52.79.155 [Port] 0 [Flags] 2 [Guid] 1149865092 [EditorId] 1149865092 [Version] 1048832 [Id] WindowsEditor(7,786LAB133-20) [Debug] 1 [PackageName] WindowsEditor [ProjectName] Editor" joined multi-casting on [225.0.0.222:54997]...

Player connection [19944] Host "[IP] 10.52.79.155 [Port] 0 [Flags] 2 [Guid] 1149865092 [EditorId] 1149865092 [Version] 1048832 [Id] WindowsEditor(7,786LAB133-20) [Debug] 1 [PackageName] WindowsEditor [ProjectName] Editor" joined alternative multi-casting on [225.0.0.222:34997]...

[PhysX] Initialized MultithreadedTaskDispatcher with 24 workers.
Refreshing native plugins compatible for Editor in 10.10 ms, found 3 plugins.
Preloading 0 native plugins for Editor in 0.00 ms.
Initialize engine version: 2022.3.32f1 (c8300dc0a3fa)
[Subsystems] Discovering subsystems at path C:/Program Files/Unity/Hub/Editor/2022.3.32f1/Editor/Data/Resources/UnitySubsystems
[Subsystems] Discovering subsystems at path C:/Users/malonhol000/Documents/UnityProjects/Aneurysm/Anuerysm/Assets
GfxDevice: creating device client; threaded=0; jobified=0
Direct3D:
    Version:  Direct3D 11.0 [level 11.1]
    Renderer: NVIDIA GeForce RTX 3060 (ID=0x2504)
    Vendor:   NVIDIA
    VRAM:     12115 MB
    Driver:   32.0.15.5612
Initialize mono
Mono path[0] = 'C:/Program Files/Unity/Hub/Editor/2022.3.32f1/Editor/Data/Managed'
Mono path[1] = 'C:/Program Files/Unity/Hub/Editor/2022.3.32f1/Editor/Data/MonoBleedingEdge/lib/mono/unityjit-win32'
Mono config path = 'C:/Program Files/Unity/Hub/Editor/2022.3.32f1/Editor/Data/MonoBleedingEdge/etc'
Using monoOptions --debugger-agent=transport=dt_socket,embedding=1,server=y,suspend=n,address=127.0.0.1:56400
Begin MonoManager ReloadAssembly
Registering precompiled unity dll's ...
Register platform support module: C:/Program Files/Unity/Hub/Editor/2022.3.32f1/Editor/Data/PlaybackEngines/WebGLSupport/UnityEditor.WebGL.Extensions.dll
Register platform support module: C:/Program Files/Unity/Hub/Editor/2022.3.32f1/Editor/Data/PlaybackEngines/MacStandaloneSupport/UnityEditor.OSXStandalone.Extensions.dll
Register platform support module: C:/Program Files/Unity/Hub/Editor/2022.3.32f1/Editor/Data/PlaybackEngines/AndroidPlayer/UnityEditor.Android.Extensions.dll
Register platform support module: C:/Program Files/Unity/Hub/Editor/2022.3.32f1/Editor/Data/PlaybackEngines/iOSSupport/UnityEditor.iOS.Extensions.dll
Register platform support module: C:/Program Files/Unity/Hub/Editor/2022.3.32f1/Editor/Data/PlaybackEngines/VisionOSPlayer/UnityEditor.VisionOS.Extensions.dll
Register platform support module: C:/Program Files/Unity/Hub/Editor/2022.3.32f1/Editor/Data/PlaybackEngines/AppleTVSupport/UnityEditor.AppleTV.Extensions.dll
Register platform support module: C:/Program Files/Unity/Hub/Editor/2022.3.32f1/Editor/Data/PlaybackEngines/WindowsStandaloneSupport/UnityEditor.WindowsStandalone.Extensions.dll
Register platform support module: C:/Program Files/Unity/Hub/Editor/2022.3.32f1/Editor/Data/PlaybackEngines/LinuxStandaloneSupport/UnityEditor.LinuxStandalone.Extensions.dll
Register platform support module: C:/Program Files/Unity/Hub/Editor/2022.3.32f1/Editor/Data/PlaybackEngines/MetroSupport/UnityEditor.UWP.Extensions.dll
Registered in 0.013126 seconds.
- Loaded All Assemblies, in  0.303 seconds
Native extension for UWP target not found
Native extension for LinuxStandalone target not found
Native extension for WindowsStandalone target not found
[usbmuxd] Start listen thread
[usbmuxd] Listen thread started
Native extension for AppleTV target not found
Failed to load: C:/Program Files/Unity/Hub/Editor/2022.3.32f1/Editor/Data/PlaybackEngines/VisionOSPlayer\x64\UnityEditor.VisionOS.Native.dll
Native extension for VisionOS target not found
[usbmuxd] Start listen thread
[usbmuxd] Listen thread started
Native extension for iOS target not found
Native extension for Android target not found
Native extension for OSXStandalone target not found
Native extension for WebGL target not found
Mono: successfully reloaded assembly
- Finished resetting the current domain, in  0.300 seconds
Domain Reload Profiling: 602ms
	BeginReloadAssembly (86ms)
		ExecutionOrderSort (0ms)
		DisableScriptedObjects (0ms)
		BackupInstance (0ms)
		ReleaseScriptingObjects (0ms)
		CreateAndSetChildDomain (0ms)
	RebuildCommonClasses (27ms)
	RebuildNativeTypeToScriptingClass (10ms)
	initialDomainReloadingComplete (54ms)
	LoadAllAssembliesAndSetupDomain (126ms)
		LoadAssemblies (89ms)
		RebuildTransferFunctionScriptingTraits (0ms)
		AnalyzeDomain (122ms)
			TypeCache.Refresh (121ms)
				TypeCache.ScanAssembly (109ms)
			ScanForSourceGeneratedMonoScriptInfo (0ms)
			ResolveRequiredComponents (0ms)
	FinalizeReload (300ms)
		ReleaseScriptCaches (0ms)
		RebuildScriptCaches (0ms)
		SetupLoadedEditorAssemblies (251ms)
			LogAssemblyErrors (0ms)
			InitializePlatformSupportModulesInManaged (110ms)
			SetLoadedEditorAssemblies (4ms)
			RefreshPlugins (0ms)
			BeforeProcessingInitializeOnLoad (2ms)
			ProcessInitializeOnLoadAttributes (94ms)
			ProcessInitializeOnLoadMethodAttributes (41ms)
			AfterProcessingInitializeOnLoad (0ms)
			EditorAssembliesLoaded (0ms)
		ExecutionOrderSort2 (0ms)
		AwakeInstancesAfterBackupRestoration (0ms)
========================================================================
Worker process is ready to serve import requests
Begin MonoManager ReloadAssembly
- Loaded All Assemblies, in  0.649 seconds
Refreshing native plugins compatible for Editor in 4.56 ms, found 3 plugins.
Native extension for UWP target not found
Native extension for LinuxStandalone target not found
Native extension for WindowsStandalone target not found
Native extension for AppleTV target not found
Failed to load: C:/Program Files/Unity/Hub/Editor/2022.3.32f1/Editor/Data/PlaybackEngines/VisionOSPlayer\x64\UnityEditor.VisionOS.Native.dll
Native extension for VisionOS target not found
Native extension for iOS target not found
Native extension for Android target not found
Native extension for OSXStandalone target not found
Native extension for WebGL target not found
Package Manager log level set to [2]
[Package Manager] Server::EnsureServerProcessIsRunning -- launch failed, reason: Unity was launched with the -noUpm command-line argument
[Package Manager] UpmClient::Send -- Unable to send message (not connected to UPM process).
[Package Manager] Cannot connect to Unity Package Manager local server
Mono: successfully reloaded assembly
- Finished resetting the current domain, in  0.845 seconds
Domain Reload Profiling: 1494ms
	BeginReloadAssembly (117ms)
		ExecutionOrderSort (0ms)
		DisableScriptedObjects (5ms)
		BackupInstance (0ms)
		ReleaseScriptingObjects (0ms)
		CreateAndSetChildDomain (19ms)
	RebuildCommonClasses (27ms)
	RebuildNativeTypeToScriptingClass (9ms)
	initialDomainReloadingComplete (36ms)
	LoadAllAssembliesAndSetupDomain (459ms)
		LoadAssemblies (291ms)
		RebuildTransferFunctionScriptingTraits (0ms)
		AnalyzeDomain (234ms)
			TypeCache.Refresh (202ms)
				TypeCache.ScanAssembly (184ms)
			ScanForSourceGeneratedMonoScriptInfo (22ms)
			ResolveRequiredComponents (10ms)
	FinalizeReload (846ms)
		ReleaseScriptCaches (0ms)
		RebuildScriptCaches (0ms)
		SetupLoadedEditorAssemblies (672ms)
			LogAssemblyErrors (0ms)
			InitializePlatformSupportModulesInManaged (41ms)
			SetLoadedEditorAssemblies (3ms)
			RefreshPlugins (0ms)
			BeforeProcessingInitializeOnLoad (58ms)
			ProcessInitializeOnLoadAttributes (352ms)
			ProcessInitializeOnLoadMethodAttributes (216ms)
			AfterProcessingInitializeOnLoad (3ms)
			EditorAssembliesLoaded (0ms)
		ExecutionOrderSort2 (0ms)
		AwakeInstancesAfterBackupRestoration (8ms)
Launched and connected shader compiler UnityShaderCompiler.exe after 0.06 seconds
Refreshing native plugins compatible for Editor in 4.72 ms, found 3 plugins.
Preloading 0 native plugins for Editor in 0.00 ms.
Unloading 6256 Unused Serialized files (Serialized files now loaded: 0)
Unloading 100 unused Assets / (3.6 MB). Loaded Objects now: 6727.
Memory consumption went from 297.6 MB to 294.0 MB.
Total: 4.313600 ms (FindLiveObjects: 0.427800 ms CreateObjectMapping: 0.137600 ms MarkObjects: 3.106700 ms  DeleteObjects: 0.639900 ms)

AssetImportParameters requested are different than current active one (requested -> active):
  custom:scripting/monoscript/fileName/UnityChanControlScriptWithRgidBody.cs: e6ad178b4f24d3fb6df560f63a9af963 -> f93a5d4c41203833745f195667a8d5db
  custom:container-demuxer-ogg: 62fdf1f143b41e24485cea50d1cbac27 -> 
  custom:video-decoder-ogg-theora: a1e56fd34408186e4bbccfd4996cb3dc -> 
  custom:framework-win-MediaFoundation: 216162199b28c13a410421893ffa2e32 -> 
  custom:scripting/monoscript/fileName/SplashScreen.cs: 4f15bdeda5786e36b26ec9f1ee28d049 -> 6c6c37897b93bb9a6c31f7924f0ecb9c
  custom:scripting/monoscript/fileName/SpringManager.cs: 63fae3f257b6da23647eb30a46508886 -> 2305b639182e6e0828314a19c0d5a7d0
  custom:scripting/monoscript/fileName/IdleChanger.cs: d7ff7cacbc969432e0ab5d0a90b33d30 -> e2174b8c7f90f2d49a9c826bcd31f625
  custom:CustomObjectIndexerAttribute: 9a22284fe3817be447336de3de66b15e -> 
  custom:scripting/monoscript/fileName/SpringBone.cs: dbd48510a58b6cedaa07b1e00b932e85 -> 989f2d558f1c00c3b0c7133fbe676485
  custom:container-demuxer-webm: 4f35f7cbe854078d1ac9338744f61a02 -> 
  custom:scripting/monoscript/fileName/SpringCollider.cs: 1aaeb07b34dddf2d3419a09c4f27fa99 -> 611015d43f843d0a8a816baeac1892d3
  custom:container-muxer-webm: aa71ff27fc2769a1b78a27578f13a17b -> 
  custom:scripting/monoscript/fileName/RandomWind.cs: 940d706628800ba0016ad2dda173d059 -> be31d0f94b239f7e0b4b46a319d3ba3b
  custom:video-decoder-webm-vp8: 9c59270c3fd7afecdb556c50c9e8de78 -> 
  custom:scripting/monoscript/fileName/AutoBlink.cs: 80cab70de5be63762aa7ba69af305dea -> e719fce70f46c90402d12ff39a4f7365
  custom:scripting/monoscript/fileName/IKCtrlRightHand.cs: 39509998bd9a5b13b4e2590ad828f9fa -> 3af9bf3fc39d24bcbc842065abcef555
  custom:SearchIndexIgnoredProperties: e643bd26f0fe6173181afceb89e7c659 -> 
  custom:AudioImporter_EditorPlatform: d09bf68614088b80899f8185d706f6e7 -> 
  custom:scripting/monoscript/fileName/FaceUpdate.cs: 23603e6fd54448a03c5b0e5bc0ec0eaa -> cab0fb8c8d65ae2e8ae8c5b3a02b4d4b
  custom:scripting/monoscript/fileName/CameraController.cs: 8e751b4971e7eade8101031695d810d5 -> 237eb1ea9a4c37f8fb087ea1161536eb
  custom:video-encoder-webm-vp8: eb34c28f22e8b96e1ab97ce403110664 -> 
  custom:audio-decoder-ogg-vorbis: bf7c407c2cedff20999df2af8eb42d56 -> 
  custom:scripting/monoscript/fileName/ThirdPersonCamera.cs: f37302e2a4ffce4a1ce32e6a1179ee5e -> 35de7e6ba15e5b9fdadcda09253e7a10
  custom:audio-encoder-webm-vorbis: bf7c407c2cedff20999df2af8eb42d56 -> 
  custom:scripting/monoscript/fileName/CreateLocatorHere.cs: 2dbcc4bdf7bee4c4e6b63af51f1aaa17 -> eabea7a256020b5a9700a1f9ac468b65
========================================================================
Received Import Request.
  Time since last request: 3504.267287 seconds.
  path: Assets/Female Locomotion Pack/Unity-chan! Model/Audio/Voice/univ0004.wav
  artifactKey: Guid(adf7488d7a7d741409ceb3f11b90852b) Importer(815301076,1909f56bfc062723c751e8b465ee728b)
Start importing Assets/Female Locomotion Pack/Unity-chan! Model/Audio/Voice/univ0004.wav using Guid(adf7488d7a7d741409ceb3f11b90852b) Importer(815301076,1909f56bfc062723c751e8b465ee728b) [PhysX] Initialized MultithreadedTaskDispatcher with 24 workers.
[PhysX] Initialized MultithreadedTaskDispatcher with 24 workers.
 -> (artifact id: '345c038d4ff0a9a4b89f3331af7273fc') in 0.080345 seconds
Number of updated asset objects reloaded before import = 0
Number of asset objects unloaded after import = 2
========================================================================
Received Import Request.
  Time since last request: 0.000023 seconds.
  path: Assets/Female Locomotion Pack/Unity-chan! Model/Audio/Voice/univ0012.wav
  artifactKey: Guid(78dfa7e84d21b4adab175b30eb01eacc) Importer(815301076,1909f56bfc062723c751e8b465ee728b)
Start importing Assets/Female Locomotion Pack/Unity-chan! Model/Audio/Voice/univ0012.wav using Guid(78dfa7e84d21b4adab175b30eb01eacc) Importer(815301076,1909f56bfc062723c751e8b465ee728b) [PhysX] Initialized MultithreadedTaskDispatcher with 24 workers.
[PhysX] Initialized MultithreadedTaskDispatcher with 24 workers.
 -> (artifact id: 'dce7a842ad6ef74684a101e32facbbd9') in 0.005938 seconds
Number of updated asset objects reloaded before import = 0
Number of asset objects unloaded after import = 2
========================================================================
Received Import Request.
  Time since last request: 0.000023 seconds.
  path: Assets/Female Locomotion Pack/Unity-chan! Model/Audio/Voice/univ0014.wav
  artifactKey: Guid(a96205706bbde4a2cb843c257f0a114a) Importer(815301076,1909f56bfc062723c751e8b465ee728b)
Start importing Assets/Female Locomotion Pack/Unity-chan! Model/Audio/Voice/univ0014.wav using Guid(a96205706bbde4a2cb843c257f0a114a) Importer(815301076,1909f56bfc062723c751e8b465ee728b) [PhysX] Initialized MultithreadedTaskDispatcher with 24 workers.
[PhysX] Initialized MultithreadedTaskDispatcher with 24 workers.
 -> (artifact id: 'e8fb982e3bab8c35197c171e0bc4b5cd') in 0.006395 seconds
Number of updated asset objects reloaded before import = 0
Number of asset objects unloaded after import = 2
========================================================================
Received Import Request.
  Time since last request: 0.000014 seconds.
  path: Assets/Female Locomotion Pack/Unity-chan! Model/Audio/Voice/univ0034.wav
  artifactKey: Guid(c035a7f37428c489999077c2be83e594) Importer(815301076,1909f56bfc062723c751e8b465ee728b)
Start importing Assets/Female Locomotion Pack/Unity-chan! Model/Audio/Voice/univ0034.wav using Guid(c035a7f37428c489999077c2be83e594) Importer(815301076,1909f56bfc062723c751e8b465ee728b) [PhysX] Initialized MultithreadedTaskDispatcher with 24 workers.
[PhysX] Initialized MultithreadedTaskDispatcher with 24 workers.
 -> (artifact id: '411c77b8f4aed89468765cd25bdac200') in 0.005841 seconds
Number of updated asset objects reloaded before import = 0
Number of asset objects unloaded after import = 2
========================================================================
Received Import Request.
  Time since last request: 0.000014 seconds.
  path: Assets/Female Locomotion Pack/Unity-chan! Model/Audio/Voice/univ1000.wav
  artifactKey: Guid(7d47792ea81e4408fbef69366151a14a) Importer(815301076,1909f56bfc062723c751e8b465ee728b)
Start importing Assets/Female Locomotion Pack/Unity-chan! Model/Audio/Voice/univ1000.wav using Guid(7d47792ea81e4408fbef69366151a14a) Importer(815301076,1909f56bfc062723c751e8b465ee728b) [PhysX] Initialized MultithreadedTaskDispatcher with 24 workers.
[PhysX] Initialized MultithreadedTaskDispatcher with 24 workers.
 -> (artifact id: 'af51472243e8ec55dca048d5ef2ff37c') in 0.005926 seconds
Number of updated asset objects reloaded before import = 0
Number of asset objects unloaded after import = 2
========================================================================
Received Import Request.
  Time since last request: 0.000013 seconds.
  path: Assets/Female Locomotion Pack/Unity-chan! Model/Audio/Voice/univ0032.wav
  artifactKey: Guid(a27654062ee304795b0e41c64dae6685) Importer(815301076,1909f56bfc062723c751e8b465ee728b)
Start importing Assets/Female Locomotion Pack/Unity-chan! Model/Audio/Voice/univ0032.wav using Guid(a27654062ee304795b0e41c64dae6685) Importer(815301076,1909f56bfc062723c751e8b465ee728b) [PhysX] Initialized MultithreadedTaskDispatcher with 24 workers.
[PhysX] Initialized MultithreadedTaskDispatcher with 24 workers.
 -> (artifact id: 'd421675d71837d169121dc9fc2650722') in 0.005718 seconds
Number of updated asset objects reloaded before import = 0
Number of asset objects unloaded after import = 2
========================================================================
Received Import Request.
  Time since last request: 0.000013 seconds.
  path: Assets/Female Locomotion Pack/Unity-chan! Model/Audio/Voice/univ0025.wav
  artifactKey: Guid(f05a93713ec534906b4250f349840580) Importer(815301076,1909f56bfc062723c751e8b465ee728b)
Start importing Assets/Female Locomotion Pack/Unity-chan! Model/Audio/Voice/univ0025.wav using Guid(f05a93713ec534906b4250f349840580) Importer(815301076,1909f56bfc062723c751e8b465ee728b) [PhysX] Initialized MultithreadedTaskDispatcher with 24 workers.
[PhysX] Initialized MultithreadedTaskDispatcher with 24 workers.
 -> (artifact id: '81722a32481221db933e093c45bf4b7a') in 0.005865 seconds
Number of updated asset objects reloaded before import = 0
Number of asset objects unloaded after import = 2
========================================================================
Received Import Request.
  Time since last request: 0.000014 seconds.
  path: Assets/Female Locomotion Pack/Unity-chan! Model/Audio/Voice/univ0006.wav
  artifactKey: Guid(55cdcf6662c1e410baec7623f20689d6) Importer(815301076,1909f56bfc062723c751e8b465ee728b)
Start importing Assets/Female Locomotion Pack/Unity-chan! Model/Audio/Voice/univ0006.wav using Guid(55cdcf6662c1e410baec7623f20689d6) Importer(815301076,1909f56bfc062723c751e8b465ee728b) [PhysX] Initialized MultithreadedTaskDispatcher with 24 workers.
[PhysX] Initialized MultithreadedTaskDispatcher with 24 workers.
 -> (artifact id: '6e72567d16cff745e71ba092e12c08d3') in 0.006326 seconds
Number of updated asset objects reloaded before import = 0
Number of asset objects unloaded after import = 2
========================================================================
Received Import Request.
  Time since last request: 0.000157 seconds.
  path: Assets/Female Locomotion Pack/Unity-chan! Model/Audio/Voice/univ0028.wav
  artifactKey: Guid(5ce5e31b4113b41d4b0537bd71771881) Importer(815301076,1909f56bfc062723c751e8b465ee728b)
Start importing Assets/Female Locomotion Pack/Unity-chan! Model/Audio/Voice/univ0028.wav using Guid(5ce5e31b4113b41d4b0537bd71771881) Importer(815301076,1909f56bfc062723c751e8b465ee728b) [PhysX] Initialized MultithreadedTaskDispatcher with 24 workers.
[PhysX] Initialized MultithreadedTaskDispatcher with 24 workers.
 -> (artifact id: '835c44ce81b827c971f57d8ffa18ae7a') in 0.005728 seconds
Number of updated asset objects reloaded before import = 0
Number of asset objects unloaded after import = 2
========================================================================
Received Import Request.
  Time since last request: 0.000013 seconds.
  path: Assets/Female Locomotion Pack/Unity-chan! Model/Audio/Voice/univ0018.wav
  artifactKey: Guid(9386c5176a28d485f9f58d1031791d32) Importer(815301076,1909f56bfc062723c751e8b465ee728b)
Start importing Assets/Female Locomotion Pack/Unity-chan! Model/Audio/Voice/univ0018.wav using Guid(9386c5176a28d485f9f58d1031791d32) Importer(815301076,1909f56bfc062723c751e8b465ee728b) [PhysX] Initialized MultithreadedTaskDispatcher with 24 workers.
[PhysX] Initialized MultithreadedTaskDispatcher with 24 workers.
 -> (artifact id: '5c9de2f1692ea15b4add401aea130ff6') in 0.006009 seconds
Number of updated asset objects reloaded before import = 0
Number of asset objects unloaded after import = 2
========================================================================
Received Import Request.
  Time since last request: 30.457853 seconds.
  path: Assets/Female Locomotion Pack/Unity-chan! Model/Audio/Voice/univ1007.wav
  artifactKey: Guid(02568edaf75d942c3a7e8ebc765955e7) Importer(815301076,1909f56bfc062723c751e8b465ee728b)
Start importing Assets/Female Locomotion Pack/Unity-chan! Model/Audio/Voice/univ1007.wav using Guid(02568edaf75d942c3a7e8ebc765955e7) Importer(815301076,1909f56bfc062723c751e8b465ee728b) [PhysX] Initialized MultithreadedTaskDispatcher with 24 workers.
[PhysX] Initialized MultithreadedTaskDispatcher with 24 workers.
 -> (artifact id: 'c1edcc2d8cf48c938b4a2aa04196de61') in 0.007487 seconds
Number of updated asset objects reloaded before import = 0
Number of asset objects unloaded after import = 2
========================================================================
Received Import Request.
  Time since last request: 0.000014 seconds.
  path: Assets/Female Locomotion Pack/Unity-chan! Model/Audio/Voice/univ1009.wav
  artifactKey: Guid(95fd24e8209c14421bb395be7fd2b940) Importer(815301076,1909f56bfc062723c751e8b465ee728b)
Start importing Assets/Female Locomotion Pack/Unity-chan! Model/Audio/Voice/univ1009.wav using Guid(95fd24e8209c14421bb395be7fd2b940) Importer(815301076,1909f56bfc062723c751e8b465ee728b) [PhysX] Initialized MultithreadedTaskDispatcher with 24 workers.
[PhysX] Initialized MultithreadedTaskDispatcher with 24 workers.
 -> (artifact id: '0976de39c65c87c77182c8485935ac2b') in 0.016914 seconds
Number of updated asset objects reloaded before import = 0
Number of asset objects unloaded after import = 2
========================================================================
Received Import Request.
  Time since last request: 0.045252 seconds.
  path: Assets/Female Locomotion Pack/Unity-chan! Model/Audio/Voice/univ1018.wav
  artifactKey: Guid(48f945eaabaa941da8b22c03b441664a) Importer(815301076,1909f56bfc062723c751e8b465ee728b)
Start importing Assets/Female Locomotion Pack/Unity-chan! Model/Audio/Voice/univ1018.wav using Guid(48f945eaabaa941da8b22c03b441664a) Importer(815301076,1909f56bfc062723c751e8b465ee728b) [PhysX] Initialized MultithreadedTaskDispatcher with 24 workers.
[PhysX] Initialized MultithreadedTaskDispatcher with 24 workers.
 -> (artifact id: '6526fe8c6ad6d3beae9c33d80a52baf1') in 0.007750 seconds
Number of updated asset objects reloaded before import = 0
Number of asset objects unloaded after import = 2
========================================================================
Received Import Request.
  Time since last request: 0.000014 seconds.
  path: Assets/Female Locomotion Pack/Unity-chan! Model/Audio/Voice/univ1021.wav
  artifactKey: Guid(ee56b49d7aebf4f24a6df7d352afcb61) Importer(815301076,1909f56bfc062723c751e8b465ee728b)
Start importing Assets/Female Locomotion Pack/Unity-chan! Model/Audio/Voice/univ1021.wav using Guid(ee56b49d7aebf4f24a6df7d352afcb61) Importer(815301076,1909f56bfc062723c751e8b465ee728b) [PhysX] Initialized MultithreadedTaskDispatcher with 24 workers.
[PhysX] Initialized MultithreadedTaskDispatcher with 24 workers.
 -> (artifact id: '6bda44d94204fcc82b76de8e6a0215c1') in 0.019669 seconds
Number of updated asset objects reloaded before import = 0
Number of asset objects unloaded after import = 2
========================================================================
Received Import Request.
  Time since last request: 0.198821 seconds.
  path: Assets/Female Locomotion Pack/Unity-chan! Model/Audio/Voice/univ1031.wav
  artifactKey: Guid(c66e87e26a6994c768b643743f6494cd) Importer(815301076,1909f56bfc062723c751e8b465ee728b)
Start importing Assets/Female Locomotion Pack/Unity-chan! Model/Audio/Voice/univ1031.wav using Guid(c66e87e26a6994c768b643743f6494cd) Importer(815301076,1909f56bfc062723c751e8b465ee728b) [PhysX] Initialized MultithreadedTaskDispatcher with 24 workers.
[PhysX] Initialized MultithreadedTaskDispatcher with 24 workers.
 -> (artifact id: 'fe719cb7b944f9d9ba35a59f634d8323') in 0.006950 seconds
Number of updated asset objects reloaded before import = 0
Number of asset objects unloaded after import = 2
========================================================================
Received Import Request.
  Time since last request: 0.000016 seconds.
  path: Assets/Female Locomotion Pack/Unity-chan! Model/Audio/Voice/univ1037.wav
  artifactKey: Guid(e03833cb4ed7d4fea97d580ce1be24da) Importer(815301076,1909f56bfc062723c751e8b465ee728b)
Start importing Assets/Female Locomotion Pack/Unity-chan! Model/Audio/Voice/univ1037.wav using Guid(e03833cb4ed7d4fea97d580ce1be24da) Importer(815301076,1909f56bfc062723c751e8b465ee728b) [PhysX] Initialized MultithreadedTaskDispatcher with 24 workers.
[PhysX] Initialized MultithreadedTaskDispatcher with 24 workers.
 -> (artifact id: '7b0dfb01de31c6ff345a6095bf0e949e') in 0.015386 seconds
Number of updated asset objects reloaded before import = 0
Number of asset objects unloaded after import = 2
========================================================================
Received Import Request.
  Time since last request: 0.012095 seconds.
  path: Assets/Female Locomotion Pack/Unity-chan! Model/Audio/Voice/univ1043.wav
  artifactKey: Guid(134a343f4bcb142dc9ddd15b85071394) Importer(815301076,1909f56bfc062723c751e8b465ee728b)
Start importing Assets/Female Locomotion Pack/Unity-chan! Model/Audio/Voice/univ1043.wav using Guid(134a343f4bcb142dc9ddd15b85071394) Importer(815301076,1909f56bfc062723c751e8b465ee728b) [PhysX] Initialized MultithreadedTaskDispatcher with 24 workers.
[PhysX] Initialized MultithreadedTaskDispatcher with 24 workers.
 -> (artifact id: 'e9c55080c99995606aa756e425f4e8a1') in 0.010309 seconds
Number of updated asset objects reloaded before import = 0
Number of asset objects unloaded after import = 2
========================================================================
Received Import Request.
  Time since last request: 0.000013 seconds.
  path: Assets/Female Locomotion Pack/Unity-chan! Model/Audio/Voice/univ1051.wav
  artifactKey: Guid(df5abc14478b84a4d85195950abe5533) Importer(815301076,1909f56bfc062723c751e8b465ee728b)
Start importing Assets/Female Locomotion Pack/Unity-chan! Model/Audio/Voice/univ1051.wav using Guid(df5abc14478b84a4d85195950abe5533) Importer(815301076,1909f56bfc062723c751e8b465ee728b) [PhysX] Initialized MultithreadedTaskDispatcher with 24 workers.
[PhysX] Initialized MultithreadedTaskDispatcher with 24 workers.
 -> (artifact id: '8191550c34045b147bc1955a4ac7deed') in 0.006556 seconds
Number of updated asset objects reloaded before import = 0
Number of asset objects unloaded after import = 2
========================================================================
Received Import Request.
  Time since last request: 0.000013 seconds.
  path: Assets/Female Locomotion Pack/Unity-chan! Model/Audio/Voice/univ1057.wav
  artifactKey: Guid(dbfc843dd2c02469db74d63ac4120758) Importer(815301076,1909f56bfc062723c751e8b465ee728b)
Start importing Assets/Female Locomotion Pack/Unity-chan! Model/Audio/Voice/univ1057.wav using Guid(dbfc843dd2c02469db74d63ac4120758) Importer(815301076,1909f56bfc062723c751e8b465ee728b) [PhysX] Initialized MultithreadedTaskDispatcher with 24 workers.
[PhysX] Initialized MultithreadedTaskDispatcher with 24 workers.
 -> (artifact id: '86ccdd773074b0c75d04b1604c6f7d5c') in 0.006852 seconds
Number of updated asset objects reloaded before import = 0
Number of asset objects unloaded after import = 2
========================================================================
Received Import Request.
  Time since last request: 0.000013 seconds.
  path: Assets/Female Locomotion Pack/Unity-chan! Model/Audio/Voice/univ1048.wav
  artifactKey: Guid(cc616918ae23a420fb52e5e6a8f0031e) Importer(815301076,1909f56bfc062723c751e8b465ee728b)
Start importing Assets/Female Locomotion Pack/Unity-chan! Model/Audio/Voice/univ1048.wav using Guid(cc616918ae23a420fb52e5e6a8f0031e) Importer(815301076,1909f56bfc062723c751e8b465ee728b) [PhysX] Initialized MultithreadedTaskDispatcher with 24 workers.
[PhysX] Initialized MultithreadedTaskDispatcher with 24 workers.
 -> (artifact id: '180fa31236454bfb48efa9b5038df053') in 0.010666 seconds
Number of updated asset objects reloaded before import = 0
Number of asset objects unloaded after import = 2
========================================================================
Received Import Request.
  Time since last request: 0.228233 seconds.
  path: Assets/Female Locomotion Pack/Unity-chan! Model/Audio/Voice/univ1067.wav
  artifactKey: Guid(b2f13aafd2de545419eb588ac7cda353) Importer(815301076,1909f56bfc062723c751e8b465ee728b)
Start importing Assets/Female Locomotion Pack/Unity-chan! Model/Audio/Voice/univ1067.wav using Guid(b2f13aafd2de545419eb588ac7cda353) Importer(815301076,1909f56bfc062723c751e8b465ee728b) [PhysX] Initialized MultithreadedTaskDispatcher with 24 workers.
[PhysX] Initialized MultithreadedTaskDispatcher with 24 workers.
 -> (artifact id: '129a37b4a42453f08a1d5b27ae9e121c') in 0.006130 seconds
Number of updated asset objects reloaded before import = 0
Number of asset objects unloaded after import = 2
========================================================================
Received Import Request.
  Time since last request: 0.000012 seconds.
  path: Assets/Female Locomotion Pack/Unity-chan! Model/Audio/Voice/univ1078.wav
  artifactKey: Guid(9a1a05c0c9dca4f0d8ce99b11d5d05e1) Importer(815301076,1909f56bfc062723c751e8b465ee728b)
Start importing Assets/Female Locomotion Pack/Unity-chan! Model/Audio/Voice/univ1078.wav using Guid(9a1a05c0c9dca4f0d8ce99b11d5d05e1) Importer(815301076,1909f56bfc062723c751e8b465ee728b) [PhysX] Initialized MultithreadedTaskDispatcher with 24 workers.
[PhysX] Initialized MultithreadedTaskDispatcher with 24 workers.
 -> (artifact id: '8376d0a045243c4343cdc494e13c7d7b') in 0.005906 seconds
Number of updated asset objects reloaded before import = 0
Number of asset objects unloaded after import = 2
========================================================================
Received Import Request.
  Time since last request: 0.000015 seconds.
  path: Assets/Female Locomotion Pack/Unity-chan! Model/Audio/Voice/univ1085.wav
  artifactKey: Guid(f611addc1ca8f49978d231bf4c2981c4) Importer(815301076,1909f56bfc062723c751e8b465ee728b)
Start importing Assets/Female Locomotion Pack/Unity-chan! Model/Audio/Voice/univ1085.wav using Guid(f611addc1ca8f49978d231bf4c2981c4) Importer(815301076,1909f56bfc062723c751e8b465ee728b) [PhysX] Initialized MultithreadedTaskDispatcher with 24 workers.
[PhysX] Initialized MultithreadedTaskDispatcher with 24 workers.
 -> (artifact id: '5544127b9fcab17a97e7b7892546ed7b') in 0.006325 seconds
Number of updated asset objects reloaded before import = 0
Number of asset objects unloaded after import = 2
========================================================================
Received Import Request.
  Time since last request: 0.000016 seconds.
  path: Assets/Female Locomotion Pack/Unity-chan! Model/Audio/Voice/univ1083.wav
  artifactKey: Guid(2a1f4efb6cdbc4e3c839dd445492438a) Importer(815301076,1909f56bfc062723c751e8b465ee728b)
Start importing Assets/Female Locomotion Pack/Unity-chan! Model/Audio/Voice/univ1083.wav using Guid(2a1f4efb6cdbc4e3c839dd445492438a) Importer(815301076,1909f56bfc062723c751e8b465ee728b) [PhysX] Initialized MultithreadedTaskDispatcher with 24 workers.
[PhysX] Initialized MultithreadedTaskDispatcher with 24 workers.
 -> (artifact id: 'cfd199a68d9535f4a24dc63ace8f951d') in 0.005837 seconds
Number of updated asset objects reloaded before import = 0
Number of asset objects unloaded after import = 2
========================================================================
Received Import Request.
  Time since last request: 0.282863 seconds.
  path: Assets/Female Locomotion Pack/Unity-chan! Model/Audio/Voice/univ1091.wav
  artifactKey: Guid(c0cc9bb81e32248d7b64b27359c13a43) Importer(815301076,1909f56bfc062723c751e8b465ee728b)
Start importing Assets/Female Locomotion Pack/Unity-chan! Model/Audio/Voice/univ1091.wav using Guid(c0cc9bb81e32248d7b64b27359c13a43) Importer(815301076,1909f56bfc062723c751e8b465ee728b) [PhysX] Initialized MultithreadedTaskDispatcher with 24 workers.
[PhysX] Initialized MultithreadedTaskDispatcher with 24 workers.
 -> (artifact id: '1e8f4db3c76e9f4cb24cd1f5e4e10f27') in 0.006288 seconds
Number of updated asset objects reloaded before import = 0
Number of asset objects unloaded after import = 2
========================================================================
Received Import Request.
  Time since last request: 0.000012 seconds.
  path: Assets/Female Locomotion Pack/Unity-chan! Model/Audio/Voice/univ1099.wav
  artifactKey: Guid(e92ffffa558284658aca79f7b72b7e58) Importer(815301076,1909f56bfc062723c751e8b465ee728b)
Start importing Assets/Female Locomotion Pack/Unity-chan! Model/Audio/Voice/univ1099.wav using Guid(e92ffffa558284658aca79f7b72b7e58) Importer(815301076,1909f56bfc062723c751e8b465ee728b) [PhysX] Initialized MultithreadedTaskDispatcher with 24 workers.
[PhysX] Initialized MultithreadedTaskDispatcher with 24 workers.
 -> (artifact id: '8534c4100b3b765fadf9467802b55a23') in 0.005351 seconds
Number of updated asset objects reloaded before import = 0
Number of asset objects unloaded after import = 2
========================================================================
Received Import Request.
  Time since last request: 0.000012 seconds.
  path: Assets/Female Locomotion Pack/Unity-chan! Model/Audio/Voice/univ1098.wav
  artifactKey: Guid(0a290e4361f5d48b4aff4aa1bd13937e) Importer(815301076,1909f56bfc062723c751e8b465ee728b)
Start importing Assets/Female Locomotion Pack/Unity-chan! Model/Audio/Voice/univ1098.wav using Guid(0a290e4361f5d48b4aff4aa1bd13937e) Importer(815301076,1909f56bfc062723c751e8b465ee728b) [PhysX] Initialized MultithreadedTaskDispatcher with 24 workers.
[PhysX] Initialized MultithreadedTaskDispatcher with 24 workers.
 -> (artifact id: '749ddf3af0dc95dda3ebaf97508b486d') in 0.005779 seconds
Number of updated asset objects reloaded before import = 0
Number of asset objects unloaded after import = 2
========================================================================
Received Import Request.
  Time since last request: 0.000013 seconds.
  path: Assets/Female Locomotion Pack/Unity-chan! Model/Audio/Voice/univ1111.wav
  artifactKey: Guid(0b57fc34c742b4644a9d7fe9a43d65c4) Importer(815301076,1909f56bfc062723c751e8b465ee728b)
Start importing Assets/Female Locomotion Pack/Unity-chan! Model/Audio/Voice/univ1111.wav using Guid(0b57fc34c742b4644a9d7fe9a43d65c4) Importer(815301076,1909f56bfc062723c751e8b465ee728b) [PhysX] Initialized MultithreadedTaskDispatcher with 24 workers.
[PhysX] Initialized MultithreadedTaskDispatcher with 24 workers.
 -> (artifact id: 'b6ab99a863f30fd6a68139154ba95e9b') in 0.005868 seconds
Number of updated asset objects reloaded before import = 0
Number of asset objects unloaded after import = 2
========================================================================
Received Import Request.
  Time since last request: 0.000026 seconds.
  path: Assets/Female Locomotion Pack/Unity-chan! Model/Audio/Voice/univ1120.wav
  artifactKey: Guid(a82f47feb8ee44d68b9306e137a03ff4) Importer(815301076,1909f56bfc062723c751e8b465ee728b)
Start importing Assets/Female Locomotion Pack/Unity-chan! Model/Audio/Voice/univ1120.wav using Guid(a82f47feb8ee44d68b9306e137a03ff4) Importer(815301076,1909f56bfc062723c751e8b465ee728b) [PhysX] Initialized MultithreadedTaskDispatcher with 24 workers.
[PhysX] Initialized MultithreadedTaskDispatcher with 24 workers.
 -> (artifact id: '2e2a4943b571651ab382cc70eebf2821') in 0.005899 seconds
Number of updated asset objects reloaded before import = 0
Number of asset objects unloaded after import = 2
========================================================================
Received Import Request.
  Time since last request: 0.000013 seconds.
  path: Assets/Female Locomotion Pack/Unity-chan! Model/Audio/Voice/univ1114.wav
  artifactKey: Guid(cb50c340793ac4231acd87859f4668c6) Importer(815301076,1909f56bfc062723c751e8b465ee728b)
Start importing Assets/Female Locomotion Pack/Unity-chan! Model/Audio/Voice/univ1114.wav using Guid(cb50c340793ac4231acd87859f4668c6) Importer(815301076,1909f56bfc062723c751e8b465ee728b) [PhysX] Initialized MultithreadedTaskDispatcher with 24 workers.
[PhysX] Initialized MultithreadedTaskDispatcher with 24 workers.
 -> (artifact id: 'e01d514e137ae4202a4b90f16b996567') in 0.005697 seconds
Number of updated asset objects reloaded before import = 0
Number of asset objects unloaded after import = 2
========================================================================
Received Import Request.
  Time since last request: 0.245839 seconds.
  path: Assets/Female Locomotion Pack/Unity-chan! Model/Audio/Voice/univ1127.wav
  artifactKey: Guid(329c4348914f4481b9efc2318230c337) Importer(815301076,1909f56bfc062723c751e8b465ee728b)
Start importing Assets/Female Locomotion Pack/Unity-chan! Model/Audio/Voice/univ1127.wav using Guid(329c4348914f4481b9efc2318230c337) Importer(815301076,1909f56bfc062723c751e8b465ee728b) [PhysX] Initialized MultithreadedTaskDispatcher with 24 workers.
[PhysX] Initialized MultithreadedTaskDispatcher with 24 workers.
 -> (artifact id: '4693cfbaa5d62fc68f4ab48d5e0a8f99') in 0.006302 seconds
Number of updated asset objects reloaded before import = 0
Number of asset objects unloaded after import = 2
========================================================================
Received Import Request.
  Time since last request: 0.000486 seconds.
  path: Assets/Female Locomotion Pack/Unity-chan! Model/Audio/Voice/univ1132.wav
  artifactKey: Guid(1ce210a50a3e2496a931b77bf6839e29) Importer(815301076,1909f56bfc062723c751e8b465ee728b)
Start importing Assets/Female Locomotion Pack/Unity-chan! Model/Audio/Voice/univ1132.wav using Guid(1ce210a50a3e2496a931b77bf6839e29) Importer(815301076,1909f56bfc062723c751e8b465ee728b) [PhysX] Initialized MultithreadedTaskDispatcher with 24 workers.
[PhysX] Initialized MultithreadedTaskDispatcher with 24 workers.
 -> (artifact id: '2f7aca2091b03407ea7dbee14bd494ad') in 0.005370 seconds
Number of updated asset objects reloaded before import = 0
Number of asset objects unloaded after import = 2
========================================================================
Received Import Request.
  Time since last request: 0.000012 seconds.
  path: Assets/Female Locomotion Pack/Unity-chan! Model/Audio/Voice/univ1139.wav
  artifactKey: Guid(e50ec586cd6e44b338e8cdce0b816fee) Importer(815301076,1909f56bfc062723c751e8b465ee728b)
Start importing Assets/Female Locomotion Pack/Unity-chan! Model/Audio/Voice/univ1139.wav using Guid(e50ec586cd6e44b338e8cdce0b816fee) Importer(815301076,1909f56bfc062723c751e8b465ee728b) [PhysX] Initialized MultithreadedTaskDispatcher with 24 workers.
[PhysX] Initialized MultithreadedTaskDispatcher with 24 workers.
 -> (artifact id: '5bd5ac95d97254c5748fcf09ba47c780') in 0.005749 seconds
Number of updated asset objects reloaded before import = 0
Number of asset objects unloaded after import = 2
========================================================================
Received Import Request.
  Time since last request: 0.000014 seconds.
  path: Assets/Female Locomotion Pack/Unity-chan! Model/Audio/Voice/univ1146.wav
  artifactKey: Guid(066e616abbf624dd4b342c6bdf705157) Importer(815301076,1909f56bfc062723c751e8b465ee728b)
Start importing Assets/Female Locomotion Pack/Unity-chan! Model/Audio/Voice/univ1146.wav using Guid(066e616abbf624dd4b342c6bdf705157) Importer(815301076,1909f56bfc062723c751e8b465ee728b) [PhysX] Initialized MultithreadedTaskDispatcher with 24 workers.
[PhysX] Initialized MultithreadedTaskDispatcher with 24 workers.
 -> (artifact id: 'dea4b946a8ee14840ce8aa5d6fc569da') in 0.005632 seconds
Number of updated asset objects reloaded before import = 0
Number of asset objects unloaded after import = 2
========================================================================
Received Import Request.
  Time since last request: 0.271487 seconds.
  path: Assets/Female Locomotion Pack/Unity-chan! Model/Audio/Voice/univ1151.wav
  artifactKey: Guid(d2d3ebeeaa2564a2fa5228a7df702bec) Importer(815301076,1909f56bfc062723c751e8b465ee728b)
Start importing Assets/Female Locomotion Pack/Unity-chan! Model/Audio/Voice/univ1151.wav using Guid(d2d3ebeeaa2564a2fa5228a7df702bec) Importer(815301076,1909f56bfc062723c751e8b465ee728b) [PhysX] Initialized MultithreadedTaskDispatcher with 24 workers.
[PhysX] Initialized MultithreadedTaskDispatcher with 24 workers.
 -> (artifact id: '6842dec88fe2b6418928ebc2c7d06994') in 0.005934 seconds
Number of updated asset objects reloaded before import = 0
Number of asset objects unloaded after import = 2
========================================================================
Received Import Request.
  Time since last request: 0.000016 seconds.
  path: Assets/Female Locomotion Pack/Unity-chan! Model/Audio/Voice/univ1164.wav
  artifactKey: Guid(12f5fac08c8e748769efeafe38044f45) Importer(815301076,1909f56bfc062723c751e8b465ee728b)
Start importing Assets/Female Locomotion Pack/Unity-chan! Model/Audio/Voice/univ1164.wav using Guid(12f5fac08c8e748769efeafe38044f45) Importer(815301076,1909f56bfc062723c751e8b465ee728b) [PhysX] Initialized MultithreadedTaskDispatcher with 24 workers.
[PhysX] Initialized MultithreadedTaskDispatcher with 24 workers.
 -> (artifact id: 'cb6f4ce0c41823b9ab214cb5f4deb5f5') in 0.006499 seconds
Number of updated asset objects reloaded before import = 0
Number of asset objects unloaded after import = 2
========================================================================
Received Import Request.
  Time since last request: 0.000023 seconds.
  path: Assets/Female Locomotion Pack/Unity-chan! Model/Audio/Voice/univ1159.wav
  artifactKey: Guid(dfad0cbe01e48476a81bd7b9ee514e59) Importer(815301076,1909f56bfc062723c751e8b465ee728b)
Start importing Assets/Female Locomotion Pack/Unity-chan! Model/Audio/Voice/univ1159.wav using Guid(dfad0cbe01e48476a81bd7b9ee514e59) Importer(815301076,1909f56bfc062723c751e8b465ee728b) [PhysX] Initialized MultithreadedTaskDispatcher with 24 workers.
[PhysX] Initialized MultithreadedTaskDispatcher with 24 workers.
 -> (artifact id: '96034b8582aaf99a2f1f01780d222f1d') in 0.006352 seconds
Number of updated asset objects reloaded before import = 0
Number of asset objects unloaded after import = 2
========================================================================
Received Import Request.
  Time since last request: 0.000013 seconds.
  path: Assets/Female Locomotion Pack/Unity-chan! Model/Audio/Voice/univ1181.wav
  artifactKey: Guid(d057fdd975ac543dd80c54a62a5d09a6) Importer(815301076,1909f56bfc062723c751e8b465ee728b)
Start importing Assets/Female Locomotion Pack/Unity-chan! Model/Audio/Voice/univ1181.wav using Guid(d057fdd975ac543dd80c54a62a5d09a6) Importer(815301076,1909f56bfc062723c751e8b465ee728b) [PhysX] Initialized MultithreadedTaskDispatcher with 24 workers.
[PhysX] Initialized MultithreadedTaskDispatcher with 24 workers.
 -> (artifact id: 'bd278cf60c83a6141e86bd9b6823ce8f') in 0.006403 seconds
Number of updated asset objects reloaded before import = 0
Number of asset objects unloaded after import = 2
========================================================================
Received Import Request.
  Time since last request: 0.000015 seconds.
  path: Assets/Female Locomotion Pack/Unity-chan! Model/Audio/Voice/univ1180.wav
  artifactKey: Guid(60d0c08036645458698d99eafc622784) Importer(815301076,1909f56bfc062723c751e8b465ee728b)
Start importing Assets/Female Locomotion Pack/Unity-chan! Model/Audio/Voice/univ1180.wav using Guid(60d0c08036645458698d99eafc622784) Importer(815301076,1909f56bfc062723c751e8b465ee728b) [PhysX] Initialized MultithreadedTaskDispatcher with 24 workers.
[PhysX] Initialized MultithreadedTaskDispatcher with 24 workers.
 -> (artifact id: 'a3a9a8dadb8fc0618a5ed977d6c016a7') in 0.005534 seconds
Number of updated asset objects reloaded before import = 0
Number of asset objects unloaded after import = 2
========================================================================
Received Import Request.
  Time since last request: 0.000013 seconds.
  path: Assets/Female Locomotion Pack/Unity-chan! Model/Audio/Voice/univ1158.wav
  artifactKey: Guid(a3e667c13a1024be39abd9d556efb638) Importer(815301076,1909f56bfc062723c751e8b465ee728b)
Start importing Assets/Female Locomotion Pack/Unity-chan! Model/Audio/Voice/univ1158.wav using Guid(a3e667c13a1024be39abd9d556efb638) Importer(815301076,1909f56bfc062723c751e8b465ee728b) [PhysX] Initialized MultithreadedTaskDispatcher with 24 workers.
[PhysX] Initialized MultithreadedTaskDispatcher with 24 workers.
 -> (artifact id: '6988f1732e5856cdb5f97f4f59fb686c') in 0.005629 seconds
Number of updated asset objects reloaded before import = 0
Number of asset objects unloaded after import = 2
========================================================================
Received Import Request.
  Time since last request: 0.243121 seconds.
  path: Assets/Female Locomotion Pack/Unity-chan! Model/Audio/Voice/univ1187.wav
  artifactKey: Guid(d209fb3aef98547eba8e1cd90e1bb380) Importer(815301076,1909f56bfc062723c751e8b465ee728b)
Start importing Assets/Female Locomotion Pack/Unity-chan! Model/Audio/Voice/univ1187.wav using Guid(d209fb3aef98547eba8e1cd90e1bb380) Importer(815301076,1909f56bfc062723c751e8b465ee728b) [PhysX] Initialized MultithreadedTaskDispatcher with 24 workers.
[PhysX] Initialized MultithreadedTaskDispatcher with 24 workers.
 -> (artifact id: 'c8b5566907dd3486924dd452900ac87c') in 0.006301 seconds
Number of updated asset objects reloaded before import = 0
Number of asset objects unloaded after import = 2
========================================================================
Received Import Request.
  Time since last request: 0.000013 seconds.
  path: Assets/Female Locomotion Pack/Unity-chan! Model/Audio/Voice/univ1194.wav
  artifactKey: Guid(6ebe37c5014f04c73acfb838161b24ba) Importer(815301076,1909f56bfc062723c751e8b465ee728b)
Start importing Assets/Female Locomotion Pack/Unity-chan! Model/Audio/Voice/univ1194.wav using Guid(6ebe37c5014f04c73acfb838161b24ba) Importer(815301076,1909f56bfc062723c751e8b465ee728b) [PhysX] Initialized MultithreadedTaskDispatcher with 24 workers.
[PhysX] Initialized MultithreadedTaskDispatcher with 24 workers.
 -> (artifact id: '3f91a9c2d84c6f8a39a2b8e59c8864a5') in 0.005527 seconds
Number of updated asset objects reloaded before import = 0
Number of asset objects unloaded after import = 2
========================================================================
Received Import Request.
  Time since last request: 0.000013 seconds.
  path: Assets/Female Locomotion Pack/Unity-chan! Model/Audio/Voice/univ1199.wav
  artifactKey: Guid(55a7fdb4f056d420e8cebee1ae9652ed) Importer(815301076,1909f56bfc062723c751e8b465ee728b)
Start importing Assets/Female Locomotion Pack/Unity-chan! Model/Audio/Voice/univ1199.wav using Guid(55a7fdb4f056d420e8cebee1ae9652ed) Importer(815301076,1909f56bfc062723c751e8b465ee728b) [PhysX] Initialized MultithreadedTaskDispatcher with 24 workers.
[PhysX] Initialized MultithreadedTaskDispatcher with 24 workers.
 -> (artifact id: 'e1b001b7eae0c9a0442bc9ca78755032') in 0.007728 seconds
Number of updated asset objects reloaded before import = 0
Number of asset objects unloaded after import = 2
========================================================================
Received Import Request.
  Time since last request: 0.000017 seconds.
  path: Assets/Female Locomotion Pack/Unity-chan! Model/Audio/Voice/univ1216.wav
  artifactKey: Guid(f972d61c0cbd64265af3023f93035e8f) Importer(815301076,1909f56bfc062723c751e8b465ee728b)
Start importing Assets/Female Locomotion Pack/Unity-chan! Model/Audio/Voice/univ1216.wav using Guid(f972d61c0cbd64265af3023f93035e8f) Importer(815301076,1909f56bfc062723c751e8b465ee728b) [PhysX] Initialized MultithreadedTaskDispatcher with 24 workers.
[PhysX] Initialized MultithreadedTaskDispatcher with 24 workers.
 -> (artifact id: '43e05824d028cb4d003ba80fe22c16f4') in 0.005894 seconds
Number of updated asset objects reloaded before import = 0
Number of asset objects unloaded after import = 2
========================================================================
Received Import Request.
  Time since last request: 0.000023 seconds.
  path: Assets/Female Locomotion Pack/Unity-chan! Model/Audio/Voice/univ1208.wav
  artifactKey: Guid(3303ecc492b4549508963afde665f54e) Importer(815301076,1909f56bfc062723c751e8b465ee728b)
Start importing Assets/Female Locomotion Pack/Unity-chan! Model/Audio/Voice/univ1208.wav using Guid(3303ecc492b4549508963afde665f54e) Importer(815301076,1909f56bfc062723c751e8b465ee728b) [PhysX] Initialized MultithreadedTaskDispatcher with 24 workers.
[PhysX] Initialized MultithreadedTaskDispatcher with 24 workers.
 -> (artifact id: '24a0d71db53a2a0b8d0c78ed95135aec') in 0.005907 seconds
Number of updated asset objects reloaded before import = 0
Number of asset objects unloaded after import = 2
========================================================================
Received Import Request.
  Time since last request: 0.000013 seconds.
  path: Assets/Female Locomotion Pack/Unity-chan! Model/Audio/Voice/univ1209.wav
  artifactKey: Guid(1c6f9af47dccb4ab18e33ce5ff8a9a08) Importer(815301076,1909f56bfc062723c751e8b465ee728b)
Start importing Assets/Female Locomotion Pack/Unity-chan! Model/Audio/Voice/univ1209.wav using Guid(1c6f9af47dccb4ab18e33ce5ff8a9a08) Importer(815301076,1909f56bfc062723c751e8b465ee728b) [PhysX] Initialized MultithreadedTaskDispatcher with 24 workers.
[PhysX] Initialized MultithreadedTaskDispatcher with 24 workers.
 -> (artifact id: 'd9193ad1cfe44d2f5b10456628820d11') in 0.006792 seconds
Number of updated asset objects reloaded before import = 0
Number of asset objects unloaded after import = 2
========================================================================
Received Import Request.
  Time since last request: 0.255242 seconds.
  path: Assets/Female Locomotion Pack/Unity-chan! Model/Audio/Voice/univ1221.wav
  artifactKey: Guid(ac5dabcc81e0144f9803277f71087554) Importer(815301076,1909f56bfc062723c751e8b465ee728b)
Start importing Assets/Female Locomotion Pack/Unity-chan! Model/Audio/Voice/univ1221.wav using Guid(ac5dabcc81e0144f9803277f71087554) Importer(815301076,1909f56bfc062723c751e8b465ee728b) [PhysX] Initialized MultithreadedTaskDispatcher with 24 workers.
[PhysX] Initialized MultithreadedTaskDispatcher with 24 workers.
 -> (artifact id: 'a02b08560609e66f50cd4da0e4d31934') in 0.007280 seconds
Number of updated asset objects reloaded before import = 0
Number of asset objects unloaded after import = 2
========================================================================
Received Import Request.
  Time since last request: 0.000014 seconds.
  path: Assets/Female Locomotion Pack/Unity-chan! Model/Audio/Voice/univ1233.wav
  artifactKey: Guid(8144e1aafd6074925b08d88c87ccfb2e) Importer(815301076,1909f56bfc062723c751e8b465ee728b)
Start importing Assets/Female Locomotion Pack/Unity-chan! Model/Audio/Voice/univ1233.wav using Guid(8144e1aafd6074925b08d88c87ccfb2e) Importer(815301076,1909f56bfc062723c751e8b465ee728b) [PhysX] Initialized MultithreadedTaskDispatcher with 24 workers.
[PhysX] Initialized MultithreadedTaskDispatcher with 24 workers.
 -> (artifact id: '1a78a9c60cf20e4516e180dc6036cfb5') in 0.006148 seconds
Number of updated asset objects reloaded before import = 0
Number of asset objects unloaded after import = 2
========================================================================
Received Import Request.
  Time since last request: 0.000013 seconds.
  path: Assets/Female Locomotion Pack/Unity-chan! Model/Audio/Voice/univ1232.wav
  artifactKey: Guid(8be864c64d9f0401bb5c978d2bc7a3d7) Importer(815301076,1909f56bfc062723c751e8b465ee728b)
Start importing Assets/Female Locomotion Pack/Unity-chan! Model/Audio/Voice/univ1232.wav using Guid(8be864c64d9f0401bb5c978d2bc7a3d7) Importer(815301076,1909f56bfc062723c751e8b465ee728b) [PhysX] Initialized MultithreadedTaskDispatcher with 24 workers.
[PhysX] Initialized MultithreadedTaskDispatcher with 24 workers.
 -> (artifact id: '588cb7f66d8412bf6a7dba80038d22ea') in 0.006459 seconds
Number of updated asset objects reloaded before import = 0
Number of asset objects unloaded after import = 2
========================================================================
Received Import Request.
  Time since last request: 0.000014 seconds.
  path: Assets/Female Locomotion Pack/Unity-chan! Model/Audio/Voice/univ1230.wav
  artifactKey: Guid(e0d458a6e98644678aee0f0bc8c334aa) Importer(815301076,1909f56bfc062723c751e8b465ee728b)
Start importing Assets/Female Locomotion Pack/Unity-chan! Model/Audio/Voice/univ1230.wav using Guid(e0d458a6e98644678aee0f0bc8c334aa) Importer(815301076,1909f56bfc062723c751e8b465ee728b) [PhysX] Initialized MultithreadedTaskDispatcher with 24 workers.
[PhysX] Initialized MultithreadedTaskDispatcher with 24 workers.
 -> (artifact id: '0ad44f27ab8817ff2031324baec5a19c') in 0.006709 seconds
Number of updated asset objects reloaded before import = 0
Number of asset objects unloaded after import = 2
========================================================================
Received Import Request.
  Time since last request: 0.271602 seconds.
  path: Assets/Female Locomotion Pack/Unity-chan! Model/Audio/Voice/univ1245.wav
  artifactKey: Guid(0d4e82b27a1c14af8971e374849c947e) Importer(815301076,1909f56bfc062723c751e8b465ee728b)
Start importing Assets/Female Locomotion Pack/Unity-chan! Model/Audio/Voice/univ1245.wav using Guid(0d4e82b27a1c14af8971e374849c947e) Importer(815301076,1909f56bfc062723c751e8b465ee728b) [PhysX] Initialized MultithreadedTaskDispatcher with 24 workers.
[PhysX] Initialized MultithreadedTaskDispatcher with 24 workers.
 -> (artifact id: 'e49fcd4b6b328301ff643792beeaf7e1') in 0.006274 seconds
Number of updated asset objects reloaded before import = 0
Number of asset objects unloaded after import = 2
========================================================================
Received Import Request.
  Time since last request: 0.000013 seconds.
  path: Assets/Female Locomotion Pack/Unity-chan! Model/Audio/Voice/univ1256.wav
  artifactKey: Guid(d4192b1c6089a4194ba8d1b217951774) Importer(815301076,1909f56bfc062723c751e8b465ee728b)
Start importing Assets/Female Locomotion Pack/Unity-chan! Model/Audio/Voice/univ1256.wav using Guid(d4192b1c6089a4194ba8d1b217951774) Importer(815301076,1909f56bfc062723c751e8b465ee728b) [PhysX] Initialized MultithreadedTaskDispatcher with 24 workers.
[PhysX] Initialized MultithreadedTaskDispatcher with 24 workers.
 -> (artifact id: '16fc52b6a7cb318da8dbe5eea99df30b') in 0.007745 seconds
Number of updated asset objects reloaded before import = 0
Number of asset objects unloaded after import = 2
========================================================================
Received Import Request.
  Time since last request: 0.000013 seconds.
  path: Assets/Female Locomotion Pack/Unity-chan! Model/Audio/Voice/univ1271.wav
  artifactKey: Guid(cde9bbba3d74446cf8121119dbfefb0d) Importer(815301076,1909f56bfc062723c751e8b465ee728b)
Start importing Assets/Female Locomotion Pack/Unity-chan! Model/Audio/Voice/univ1271.wav using Guid(cde9bbba3d74446cf8121119dbfefb0d) Importer(815301076,1909f56bfc062723c751e8b465ee728b) [PhysX] Initialized MultithreadedTaskDispatcher with 24 workers.
[PhysX] Initialized MultithreadedTaskDispatcher with 24 workers.
 -> (artifact id: 'ce10d103798c63c004fd5d70bfbbb3b5') in 0.008078 seconds
Number of updated asset objects reloaded before import = 0
Number of asset objects unloaded after import = 2
========================================================================
Received Import Request.
  Time since last request: 0.000013 seconds.
  path: Assets/Female Locomotion Pack/Unity-chan! Model/Audio/Voice/univ1254.wav
  artifactKey: Guid(9a5a9cad2e3d14feba240cb5c8449361) Importer(815301076,1909f56bfc062723c751e8b465ee728b)
Start importing Assets/Female Locomotion Pack/Unity-chan! Model/Audio/Voice/univ1254.wav using Guid(9a5a9cad2e3d14feba240cb5c8449361) Importer(815301076,1909f56bfc062723c751e8b465ee728b) [PhysX] Initialized MultithreadedTaskDispatcher with 24 workers.
[PhysX] Initialized MultithreadedTaskDispatcher with 24 workers.
 -> (artifact id: '534da58d84020591337be71866437d9e') in 0.006388 seconds
Number of updated asset objects reloaded before import = 0
Number of asset objects unloaded after import = 2
========================================================================
Received Import Request.
  Time since last request: 0.000013 seconds.
  path: Assets/Female Locomotion Pack/Unity-chan! Model/Audio/Voice/univ1261.wav
  artifactKey: Guid(0f9b83a7b39274177b6e3d39b408313f) Importer(815301076,1909f56bfc062723c751e8b465ee728b)
Start importing Assets/Female Locomotion Pack/Unity-chan! Model/Audio/Voice/univ1261.wav using Guid(0f9b83a7b39274177b6e3d39b408313f) Importer(815301076,1909f56bfc062723c751e8b465ee728b) [PhysX] Initialized MultithreadedTaskDispatcher with 24 workers.
[PhysX] Initialized MultithreadedTaskDispatcher with 24 workers.
 -> (artifact id: 'b4efb97dc072ddb71588dd2afbf3f44b') in 0.008567 seconds
Number of updated asset objects reloaded before import = 0
Number of asset objects unloaded after import = 2
========================================================================
Received Import Request.
  Time since last request: 0.000013 seconds.
  path: Assets/Female Locomotion Pack/Unity-chan! Model/Audio/Voice/univ1266.wav
  artifactKey: Guid(1dd4132aa7ca947a58dcd6fc3e61a166) Importer(815301076,1909f56bfc062723c751e8b465ee728b)
Start importing Assets/Female Locomotion Pack/Unity-chan! Model/Audio/Voice/univ1266.wav using Guid(1dd4132aa7ca947a58dcd6fc3e61a166) Importer(815301076,1909f56bfc062723c751e8b465ee728b) [PhysX] Initialized MultithreadedTaskDispatcher with 24 workers.
[PhysX] Initialized MultithreadedTaskDispatcher with 24 workers.
 -> (artifact id: 'ba4b65ba44e2b3d8931d7a841a117d7c') in 0.008348 seconds
Number of updated asset objects reloaded before import = 0
Number of asset objects unloaded after import = 2
========================================================================
Received Import Request.
  Time since last request: 0.192779 seconds.
  path: Assets/Female Locomotion Pack/Unity-chan! Model/Audio/Voice/univ1281.wav
  artifactKey: Guid(fd657949a63b94144b709e5aeb23a03d) Importer(815301076,1909f56bfc062723c751e8b465ee728b)
Start importing Assets/Female Locomotion Pack/Unity-chan! Model/Audio/Voice/univ1281.wav using Guid(fd657949a63b94144b709e5aeb23a03d) Importer(815301076,1909f56bfc062723c751e8b465ee728b) [PhysX] Initialized MultithreadedTaskDispatcher with 24 workers.
[PhysX] Initialized MultithreadedTaskDispatcher with 24 workers.
 -> (artifact id: '9ca3aedb5250655d820de5155b8f247b') in 0.006390 seconds
Number of updated asset objects reloaded before import = 0
Number of asset objects unloaded after import = 2
========================================================================
Received Import Request.
  Time since last request: 0.000014 seconds.
  path: Assets/Female Locomotion Pack/Unity-chan! Model/Audio/Voice/univ1295.wav
  artifactKey: Guid(b23404212becd4a2d8ce9367b029d9f3) Importer(815301076,1909f56bfc062723c751e8b465ee728b)
Start importing Assets/Female Locomotion Pack/Unity-chan! Model/Audio/Voice/univ1295.wav using Guid(b23404212becd4a2d8ce9367b029d9f3) Importer(815301076,1909f56bfc062723c751e8b465ee728b) [PhysX] Initialized MultithreadedTaskDispatcher with 24 workers.
[PhysX] Initialized MultithreadedTaskDispatcher with 24 workers.
 -> (artifact id: '08752dfdd6664e27537bf9a6422fea57') in 0.005448 seconds
Number of updated asset objects reloaded before import = 0
Number of asset objects unloaded after import = 2
========================================================================
Received Import Request.
  Time since last request: 0.000021 seconds.
  path: Assets/Female Locomotion Pack/Unity-chan! Model/Audio/Voice/univ1301.wav
  artifactKey: Guid(a31c068347b284e95bf43cd367f9df4d) Importer(815301076,1909f56bfc062723c751e8b465ee728b)
Start importing Assets/Female Locomotion Pack/Unity-chan! Model/Audio/Voice/univ1301.wav using Guid(a31c068347b284e95bf43cd367f9df4d) Importer(815301076,1909f56bfc062723c751e8b465ee728b) [PhysX] Initialized MultithreadedTaskDispatcher with 24 workers.
[PhysX] Initialized MultithreadedTaskDispatcher with 24 workers.
 -> (artifact id: '28880f8a6ddfaf6431e76e0a75737468') in 0.006677 seconds
Number of updated asset objects reloaded before import = 0
Number of asset objects unloaded after import = 2
========================================================================
Received Import Request.
  Time since last request: 0.000013 seconds.
  path: Assets/Female Locomotion Pack/Unity-chan! Model/Audio/Voice/univ1308.wav
  artifactKey: Guid(9979f85aedd034a7c86bbe9d95d33567) Importer(815301076,1909f56bfc062723c751e8b465ee728b)
Start importing Assets/Female Locomotion Pack/Unity-chan! Model/Audio/Voice/univ1308.wav using Guid(9979f85aedd034a7c86bbe9d95d33567) Importer(815301076,1909f56bfc062723c751e8b465ee728b) [PhysX] Initialized MultithreadedTaskDispatcher with 24 workers.
[PhysX] Initialized MultithreadedTaskDispatcher with 24 workers.
 -> (artifact id: 'aa5dbfda1b0a5b1f9dbfc46f2e69bd0e') in 0.007023 seconds
Number of updated asset objects reloaded before import = 0
Number of asset objects unloaded after import = 2
========================================================================
Received Import Request.
  Time since last request: 0.000013 seconds.
  path: Assets/Female Locomotion Pack/Unity-chan! Model/Audio/Voice/univ1293.wav
  artifactKey: Guid(e9432b54f671747ebb900e785d426268) Importer(815301076,1909f56bfc062723c751e8b465ee728b)
Start importing Assets/Female Locomotion Pack/Unity-chan! Model/Audio/Voice/univ1293.wav using Guid(e9432b54f671747ebb900e785d426268) Importer(815301076,1909f56bfc062723c751e8b465ee728b) [PhysX] Initialized MultithreadedTaskDispatcher with 24 workers.
[PhysX] Initialized MultithreadedTaskDispatcher with 24 workers.
 -> (artifact id: 'b1d005ac7376f44b428255c1a3b1ce31') in 0.005800 seconds
Number of updated asset objects reloaded before import = 0
Number of asset objects unloaded after import = 2
========================================================================
Received Import Request.
  Time since last request: 0.000013 seconds.
  path: Assets/Female Locomotion Pack/Unity-chan! Model/Audio/Voice/univ1287.wav
  artifactKey: Guid(94e845b117d1c4c3baf2b40dd77d1a11) Importer(815301076,1909f56bfc062723c751e8b465ee728b)
Start importing Assets/Female Locomotion Pack/Unity-chan! Model/Audio/Voice/univ1287.wav using Guid(94e845b117d1c4c3baf2b40dd77d1a11) Importer(815301076,1909f56bfc062723c751e8b465ee728b) [PhysX] Initialized MultithreadedTaskDispatcher with 24 workers.
[PhysX] Initialized MultithreadedTaskDispatcher with 24 workers.
 -> (artifact id: '773edf163678e86175de693b407c32b5') in 0.006117 seconds
Number of updated asset objects reloaded before import = 0
Number of asset objects unloaded after import = 2
========================================================================
Received Import Request.
  Time since last request: 0.182616 seconds.
  path: Assets/Female Locomotion Pack/Unity-chan! Model/Audio/Voice/univ1317.wav
  artifactKey: Guid(937129e0cafef428b8dacdc56a5bcb18) Importer(815301076,1909f56bfc062723c751e8b465ee728b)
Start importing Assets/Female Locomotion Pack/Unity-chan! Model/Audio/Voice/univ1317.wav using Guid(937129e0cafef428b8dacdc56a5bcb18) Importer(815301076,1909f56bfc062723c751e8b465ee728b) [PhysX] Initialized MultithreadedTaskDispatcher with 24 workers.
[PhysX] Initialized MultithreadedTaskDispatcher with 24 workers.
 -> (artifact id: '219019db32bb0d3758d2d4880fa9d3b6') in 0.007005 seconds
Number of updated asset objects reloaded before import = 0
Number of asset objects unloaded after import = 2
========================================================================
Received Import Request.
  Time since last request: 0.000012 seconds.
  path: Assets/Female Locomotion Pack/Unity-chan! Model/Audio/Voice/univ1324.wav
  artifactKey: Guid(645349beb0b074a5ca47de9e78862ab2) Importer(815301076,1909f56bfc062723c751e8b465ee728b)
Start importing Assets/Female Locomotion Pack/Unity-chan! Model/Audio/Voice/univ1324.wav using Guid(645349beb0b074a5ca47de9e78862ab2) Importer(815301076,1909f56bfc062723c751e8b465ee728b) [PhysX] Initialized MultithreadedTaskDispatcher with 24 workers.
[PhysX] Initialized MultithreadedTaskDispatcher with 24 workers.
 -> (artifact id: 'e358bcc3587d85051f5ccad288f929c9') in 0.005832 seconds
Number of updated asset objects reloaded before import = 0
Number of asset objects unloaded after import = 2
========================================================================
Received Import Request.
  Time since last request: 0.000014 seconds.
  path: Assets/Female Locomotion Pack/Unity-chan! Model/Audio/Voice/univ1330.wav
  artifactKey: Guid(061244abba01c4fd38c42bdaa7a5dbc2) Importer(815301076,1909f56bfc062723c751e8b465ee728b)
Start importing Assets/Female Locomotion Pack/Unity-chan! Model/Audio/Voice/univ1330.wav using Guid(061244abba01c4fd38c42bdaa7a5dbc2) Importer(815301076,1909f56bfc062723c751e8b465ee728b) [PhysX] Initialized MultithreadedTaskDispatcher with 24 workers.
[PhysX] Initialized MultithreadedTaskDispatcher with 24 workers.
 -> (artifact id: 'fad0e05a4c64242fb8c7665362a3205f') in 0.005892 seconds
Number of updated asset objects reloaded before import = 0
Number of asset objects unloaded after import = 2
========================================================================
Received Import Request.
  Time since last request: 0.000015 seconds.
  path: Assets/Female Locomotion Pack/Unity-chan! Model/Audio/Voice/univ1326.wav
  artifactKey: Guid(d2099b8ef27dd4341a377866ed1e643f) Importer(815301076,1909f56bfc062723c751e8b465ee728b)
Start importing Assets/Female Locomotion Pack/Unity-chan! Model/Audio/Voice/univ1326.wav using Guid(d2099b8ef27dd4341a377866ed1e643f) Importer(815301076,1909f56bfc062723c751e8b465ee728b) [PhysX] Initialized MultithreadedTaskDispatcher with 24 workers.
[PhysX] Initialized MultithreadedTaskDispatcher with 24 workers.
 -> (artifact id: 'b0b8dcad3f7c32a7a64c97f3c220d8cc') in 0.006642 seconds
Number of updated asset objects reloaded before import = 0
Number of asset objects unloaded after import = 2
========================================================================
Received Import Request.
  Time since last request: 0.000014 seconds.
  path: Assets/Female Locomotion Pack/Unity-chan! Model/Audio/Voice/univ1331.wav
  artifactKey: Guid(82c2dbaff3c4b4953a940457d03f194c) Importer(815301076,1909f56bfc062723c751e8b465ee728b)
Start importing Assets/Female Locomotion Pack/Unity-chan! Model/Audio/Voice/univ1331.wav using Guid(82c2dbaff3c4b4953a940457d03f194c) Importer(815301076,1909f56bfc062723c751e8b465ee728b) [PhysX] Initialized MultithreadedTaskDispatcher with 24 workers.
[PhysX] Initialized MultithreadedTaskDispatcher with 24 workers.
 -> (artifact id: 'e7d70f738ea6caddfa0e02efb222b66e') in 0.006466 seconds
Number of updated asset objects reloaded before import = 0
Number of asset objects unloaded after import = 2
========================================================================
Received Import Request.
  Time since last request: 0.000013 seconds.
  path: Assets/Female Locomotion Pack/Unity-chan! Model/Audio/Voice/univ1337.wav
  artifactKey: Guid(7ca4bbb9890414fa992b46aa20e0ce9d) Importer(815301076,1909f56bfc062723c751e8b465ee728b)
Start importing Assets/Female Locomotion Pack/Unity-chan! Model/Audio/Voice/univ1337.wav using Guid(7ca4bbb9890414fa992b46aa20e0ce9d) Importer(815301076,1909f56bfc062723c751e8b465ee728b) [PhysX] Initialized MultithreadedTaskDispatcher with 24 workers.
[PhysX] Initialized MultithreadedTaskDispatcher with 24 workers.
 -> (artifact id: 'bc2e79313568c810c6d26e0b7cc090dc') in 0.005827 seconds
Number of updated asset objects reloaded before import = 0
Number of asset objects unloaded after import = 2
========================================================================
Received Import Request.
  Time since last request: 28.113082 seconds.
  path: Assets/Female Locomotion Pack/Unity-chan! Model/Art/Animations/unitychan_HANDUP00_R.fbx
  artifactKey: Guid(84ce5ea31570e6b4ca2949b8fe13ee42) Importer(815301076,1909f56bfc062723c751e8b465ee728b)
Start importing Assets/Female Locomotion Pack/Unity-chan! Model/Art/Animations/unitychan_HANDUP00_R.fbx using Guid(84ce5ea31570e6b4ca2949b8fe13ee42) Importer(815301076,1909f56bfc062723c751e8b465ee728b) [PhysX] Initialized MultithreadedTaskDispatcher with 24 workers.
[PhysX] Initialized MultithreadedTaskDispatcher with 24 workers.
[PhysX] Initialized MultithreadedTaskDispatcher with 24 workers.
[PhysX] Initialized MultithreadedTaskDispatcher with 24 workers.
[PhysX] Initialized MultithreadedTaskDispatcher with 24 workers.
[PhysX] Initialized MultithreadedTaskDispatcher with 24 workers.
[PhysX] Initialized MultithreadedTaskDispatcher with 24 workers.
[PhysX] Initialized MultithreadedTaskDispatcher with 24 workers.
[PhysX] Initialized MultithreadedTaskDispatcher with 24 workers.
[PhysX] Initialized MultithreadedTaskDispatcher with 24 workers.
[PhysX] Initialized MultithreadedTaskDispatcher with 24 workers.
 -> (artifact id: '92d46e0cdbcac2bb7fae725472d3fc48') in 1.404864 seconds
Number of updated asset objects reloaded before import = 0
Number of asset objects unloaded after import = 330
========================================================================
Received Prepare
Begin MonoManager ReloadAssembly
- Loaded All Assemblies, in  0.582 seconds
Refreshing native plugins compatible for Editor in 4.88 ms, found 3 plugins.
Native extension for UWP target not found
Native extension for LinuxStandalone target not found
Native extension for WindowsStandalone target not found
Native extension for AppleTV target not found
Failed to load: C:/Program Files/Unity/Hub/Editor/2022.3.32f1/Editor/Data/PlaybackEngines/VisionOSPlayer\x64\UnityEditor.VisionOS.Native.dll
Native extension for VisionOS target not found
Native extension for iOS target not found
Native extension for Android target not found
Native extension for OSXStandalone target not found
Native extension for WebGL target not found
[Package Manager] Server::EnsureServerProcessIsRunning -- launch failed, reason: Unity was launched with the -noUpm command-line argument
[Package Manager] UpmClient::Send -- Unable to send message (not connected to UPM process).
[Package Manager] Cannot connect to Unity Package Manager local server
Mono: successfully reloaded assembly
- Finished resetting the current domain, in  1.516 seconds
Domain Reload Profiling: 2097ms
	BeginReloadAssembly (218ms)
		ExecutionOrderSort (0ms)
		DisableScriptedObjects (31ms)
		BackupInstance (0ms)
		ReleaseScriptingObjects (0ms)
		CreateAndSetChildDomain (60ms)
	RebuildCommonClasses (29ms)
	RebuildNativeTypeToScriptingClass (11ms)
	initialDomainReloadingComplete (27ms)
	LoadAllAssembliesAndSetupDomain (294ms)
		LoadAssemblies (320ms)
		RebuildTransferFunctionScriptingTraits (0ms)
		AnalyzeDomain (60ms)
			TypeCache.Refresh (15ms)
				TypeCache.ScanAssembly (0ms)
			ScanForSourceGeneratedMonoScriptInfo (32ms)
			ResolveRequiredComponents (11ms)
	FinalizeReload (1517ms)
		ReleaseScriptCaches (0ms)
		RebuildScriptCaches (0ms)
		SetupLoadedEditorAssemblies (448ms)
			LogAssemblyErrors (0ms)
			InitializePlatformSupportModulesInManaged (43ms)
			SetLoadedEditorAssemblies (3ms)
			RefreshPlugins (0ms)
			BeforeProcessingInitializeOnLoad (61ms)
			ProcessInitializeOnLoadAttributes (312ms)
			ProcessInitializeOnLoadMethodAttributes (25ms)
			AfterProcessingInitializeOnLoad (4ms)
			EditorAssembliesLoaded (0ms)
		ExecutionOrderSort2 (0ms)
		AwakeInstancesAfterBackupRestoration (46ms)
Refreshing native plugins compatible for Editor in 6.06 ms, found 3 plugins.
Preloading 0 native plugins for Editor in 0.00 ms.
Unloading 5909 Unused Serialized files (Serialized files now loaded: 0)
Unloading 73 unused Assets / (3.6 MB). Loaded Objects now: 6860.
Memory consumption went from 256.2 MB to 252.7 MB.
Total: 4.325500 ms (FindLiveObjects: 0.502200 ms CreateObjectMapping: 0.159800 ms MarkObjects: 3.044000 ms  DeleteObjects: 0.618500 ms)

Prepare: number of updated asset objects reloaded= 10
AssetImportParameters requested are different than current active one (requested -> active):
  custom:scripting/monoscript/fileName/UnityChanControlScriptWithRgidBody.cs: e6ad178b4f24d3fb6df560f63a9af963 -> e6270e628b445f45f3b5d2688e9f7023
  custom:container-demuxer-ogg: 62fdf1f143b41e24485cea50d1cbac27 -> 
  custom:video-decoder-ogg-theora: a1e56fd34408186e4bbccfd4996cb3dc -> 
  custom:framework-win-MediaFoundation: 216162199b28c13a410421893ffa2e32 -> 
  custom:scripting/monoscript/fileName/SplashScreen.cs: 4f15bdeda5786e36b26ec9f1ee28d049 -> 0755d608089cbc7d0e953ccbc748a0c5
  custom:scripting/monoscript/fileName/SpringManager.cs: 63fae3f257b6da23647eb30a46508886 -> da39798abae1af426996aad29ffd5776
  custom:scripting/monoscript/fileName/IdleChanger.cs: d7ff7cacbc969432e0ab5d0a90b33d30 -> 0d42658b2b153f87462fd4e5e96a13ee
  custom:CustomObjectIndexerAttribute: 9a22284fe3817be447336de3de66b15e -> 
  custom:scripting/monoscript/fileName/SpringBone.cs: dbd48510a58b6cedaa07b1e00b932e85 -> c42174da46e34ca23f01039571bd21a7
  custom:container-demuxer-webm: 4f35f7cbe854078d1ac9338744f61a02 -> 
  custom:scripting/monoscript/fileName/SpringCollider.cs: 1aaeb07b34dddf2d3419a09c4f27fa99 -> b95717af7a1b7c4f1cedbda2e4581451
  custom:container-muxer-webm: aa71ff27fc2769a1b78a27578f13a17b -> 
  custom:scripting/monoscript/fileName/RandomWind.cs: 940d706628800ba0016ad2dda173d059 -> 2f8fa34249abdeb18b156658f50cf6b0
  custom:video-decoder-webm-vp8: 9c59270c3fd7afecdb556c50c9e8de78 -> 
  custom:scripting/monoscript/fileName/AutoBlink.cs: 80cab70de5be63762aa7ba69af305dea -> c4896b0bc763e45116fcb71524820395
  custom:scripting/monoscript/fileName/IKCtrlRightHand.cs: 39509998bd9a5b13b4e2590ad828f9fa -> af5a857eb9c61b41538bf9623698a2d1
  custom:SearchIndexIgnoredProperties: e643bd26f0fe6173181afceb89e7c659 -> 
  custom:AudioImporter_EditorPlatform: d09bf68614088b80899f8185d706f6e7 -> 
  custom:scripting/monoscript/fileName/FaceUpdate.cs: 23603e6fd54448a03c5b0e5bc0ec0eaa -> 936c881d460b8437fb80f048d1ed5d71
  custom:scripting/monoscript/fileName/CameraController.cs: 8e751b4971e7eade8101031695d810d5 -> aec47e38b39d8189645743359554ec01
  custom:video-encoder-webm-vp8: eb34c28f22e8b96e1ab97ce403110664 -> 
  custom:audio-decoder-ogg-vorbis: bf7c407c2cedff20999df2af8eb42d56 -> 
  custom:scripting/monoscript/fileName/ThirdPersonCamera.cs: f37302e2a4ffce4a1ce32e6a1179ee5e -> 89540b84413d3214a0393df626fc7e4d
  custom:audio-encoder-webm-vorbis: bf7c407c2cedff20999df2af8eb42d56 -> 
  custom:scripting/monoscript/fileName/CreateLocatorHere.cs: 2dbcc4bdf7bee4c4e6b63af51f1aaa17 -> 098e9e1de058b87e40168482a0f4c62f
Editor requested this worker to shutdown with reason: Scaling down because of idle timeout
TcpMessagingSession - receive error: operation aborted. errorcode: 995, details: The I/O operation has been aborted because of either a thread exit or an application request.
AssetImportWorker is now disconnected from the server
Process exiting
Exiting without the bug reporter. Application will terminate with return code 0