Using pre-set license
Built from '2022.3/staging' branch; Version is '2022.3.32f1 (c8300dc0a3fa) revision 13119501'; Using compiler version '192829333'; Build Type 'Release'
OS: 'Windows 10  (10.0.19045) 64bit Education' Language: 'en' Physical Memory: 32473 MB
BatchMode: 1, IsHumanControllingUs: 0, StartBugReporterOnCrash: 0, Is64bit: 1, IsPro: 1

COMMAND LINE ARGUMENTS:
C:\Program Files\Unity\Hub\Editor\2022.3.32f1\Editor\Unity.exe
-adb2
-batchMode
-noUpm
-name
AssetImportWorker2
-projectPath
C:/Users/malonhol000/Documents/UnityProjects/Aneurysm/Anuerysm
-logFile
Logs/AssetImportWorker2.log
-srvPort
53181
Successfully changed project path to: C:/Users/malonhol000/Documents/UnityProjects/Aneurysm/Anuerysm
C:/Users/malonhol000/Documents/UnityProjects/Aneurysm/Anuerysm
[UnityMemory] Configuration Parameters - Can be set up in boot.config
    "memorysetup-bucket-allocator-granularity=16"
    "memorysetup-bucket-allocator-bucket-count=8"
    "memorysetup-bucket-allocator-block-size=33554432"
    "memorysetup-bucket-allocator-block-count=8"
    "memorysetup-main-allocator-block-size=16777216"
    "memorysetup-thread-allocator-block-size=16777216"
    "memorysetup-gfx-main-allocator-block-size=16777216"
    "memorysetup-gfx-thread-allocator-block-size=16777216"
    "memorysetup-cache-allocator-block-size=4194304"
    "memorysetup-typetree-allocator-block-size=2097152"
    "memorysetup-profiler-bucket-allocator-granularity=16"
    "memorysetup-profiler-bucket-allocator-bucket-count=8"
    "memorysetup-profiler-bucket-allocator-block-size=33554432"
    "memorysetup-profiler-bucket-allocator-block-count=8"
    "memorysetup-profiler-allocator-block-size=16777216"
    "memorysetup-profiler-editor-allocator-block-size=1048576"
    "memorysetup-temp-allocator-size-main=16777216"
    "memorysetup-job-temp-allocator-block-size=2097152"
    "memorysetup-job-temp-allocator-block-size-background=1048576"
    "memorysetup-job-temp-allocator-reduction-small-platforms=262144"
    "memorysetup-allocator-temp-initial-block-size-main=262144"
    "memorysetup-allocator-temp-initial-block-size-worker=262144"
    "memorysetup-temp-allocator-size-background-worker=32768"
    "memorysetup-temp-allocator-size-job-worker=262144"
    "memorysetup-temp-allocator-size-preload-manager=33554432"
    "memorysetup-temp-allocator-size-nav-mesh-worker=65536"
    "memorysetup-temp-allocator-size-audio-worker=65536"
    "memorysetup-temp-allocator-size-cloud-worker=32768"
    "memorysetup-temp-allocator-size-gi-baking-worker=262144"
    "memorysetup-temp-allocator-size-gfx=262144"
Player connection [16972] Host "[IP] 10.52.79.155 [Port] 0 [Flags] 2 [Guid] 1528385739 [EditorId] 1528385739 [Version] 1048832 [Id] WindowsEditor(7,786LAB133-20) [Debug] 1 [PackageName] WindowsEditor [ProjectName] Editor" joined multi-casting on [225.0.0.222:54997]...

Player connection [16972] Host "[IP] 10.52.79.155 [Port] 0 [Flags] 2 [Guid] 1528385739 [EditorId] 1528385739 [Version] 1048832 [Id] WindowsEditor(7,786LAB133-20) [Debug] 1 [PackageName] WindowsEditor [ProjectName] Editor" joined alternative multi-casting on [225.0.0.222:34997]...

[PhysX] Initialized MultithreadedTaskDispatcher with 24 workers.
Refreshing native plugins compatible for Editor in 11.54 ms, found 3 plugins.
Preloading 0 native plugins for Editor in 0.00 ms.
Initialize engine version: 2022.3.32f1 (c8300dc0a3fa)
[Subsystems] Discovering subsystems at path C:/Program Files/Unity/Hub/Editor/2022.3.32f1/Editor/Data/Resources/UnitySubsystems
[Subsystems] Discovering subsystems at path C:/Users/malonhol000/Documents/UnityProjects/Aneurysm/Anuerysm/Assets
GfxDevice: creating device client; threaded=0; jobified=0
Direct3D:
    Version:  Direct3D 11.0 [level 11.1]
    Renderer: NVIDIA GeForce RTX 3060 (ID=0x2504)
    Vendor:   NVIDIA
    VRAM:     12115 MB
    Driver:   32.0.15.5612
Initialize mono
Mono path[0] = 'C:/Program Files/Unity/Hub/Editor/2022.3.32f1/Editor/Data/Managed'
Mono path[1] = 'C:/Program Files/Unity/Hub/Editor/2022.3.32f1/Editor/Data/MonoBleedingEdge/lib/mono/unityjit-win32'
Mono config path = 'C:/Program Files/Unity/Hub/Editor/2022.3.32f1/Editor/Data/MonoBleedingEdge/etc'
Using monoOptions --debugger-agent=transport=dt_socket,embedding=1,server=y,suspend=n,address=127.0.0.1:56996
Begin MonoManager ReloadAssembly
Registering precompiled unity dll's ...
Register platform support module: C:/Program Files/Unity/Hub/Editor/2022.3.32f1/Editor/Data/PlaybackEngines/WebGLSupport/UnityEditor.WebGL.Extensions.dll
Register platform support module: C:/Program Files/Unity/Hub/Editor/2022.3.32f1/Editor/Data/PlaybackEngines/MacStandaloneSupport/UnityEditor.OSXStandalone.Extensions.dll
Register platform support module: C:/Program Files/Unity/Hub/Editor/2022.3.32f1/Editor/Data/PlaybackEngines/AndroidPlayer/UnityEditor.Android.Extensions.dll
Register platform support module: C:/Program Files/Unity/Hub/Editor/2022.3.32f1/Editor/Data/PlaybackEngines/iOSSupport/UnityEditor.iOS.Extensions.dll
Register platform support module: C:/Program Files/Unity/Hub/Editor/2022.3.32f1/Editor/Data/PlaybackEngines/VisionOSPlayer/UnityEditor.VisionOS.Extensions.dll
Register platform support module: C:/Program Files/Unity/Hub/Editor/2022.3.32f1/Editor/Data/PlaybackEngines/AppleTVSupport/UnityEditor.AppleTV.Extensions.dll
Register platform support module: C:/Program Files/Unity/Hub/Editor/2022.3.32f1/Editor/Data/PlaybackEngines/WindowsStandaloneSupport/UnityEditor.WindowsStandalone.Extensions.dll
Register platform support module: C:/Program Files/Unity/Hub/Editor/2022.3.32f1/Editor/Data/PlaybackEngines/LinuxStandaloneSupport/UnityEditor.LinuxStandalone.Extensions.dll
Register platform support module: C:/Program Files/Unity/Hub/Editor/2022.3.32f1/Editor/Data/PlaybackEngines/MetroSupport/UnityEditor.UWP.Extensions.dll
Registered in 0.016153 seconds.
- Loaded All Assemblies, in  0.340 seconds
Native extension for UWP target not found
Native extension for LinuxStandalone target not found
Native extension for WindowsStandalone target not found
[usbmuxd] Start listen thread
[usbmuxd] Listen thread started
Native extension for AppleTV target not found
Failed to load: C:/Program Files/Unity/Hub/Editor/2022.3.32f1/Editor/Data/PlaybackEngines/VisionOSPlayer\x64\UnityEditor.VisionOS.Native.dll
Native extension for VisionOS target not found
[usbmuxd] Start listen thread
[usbmuxd] Listen thread started
Native extension for iOS target not found
Native extension for Android target not found
Native extension for OSXStandalone target not found
Native extension for WebGL target not found
Mono: successfully reloaded assembly
- Finished resetting the current domain, in  0.319 seconds
Domain Reload Profiling: 659ms
	BeginReloadAssembly (103ms)
		ExecutionOrderSort (0ms)
		DisableScriptedObjects (0ms)
		BackupInstance (0ms)
		ReleaseScriptingObjects (0ms)
		CreateAndSetChildDomain (1ms)
	RebuildCommonClasses (29ms)
	RebuildNativeTypeToScriptingClass (10ms)
	initialDomainReloadingComplete (60ms)
	LoadAllAssembliesAndSetupDomain (138ms)
		LoadAssemblies (105ms)
		RebuildTransferFunctionScriptingTraits (0ms)
		AnalyzeDomain (133ms)
			TypeCache.Refresh (132ms)
				TypeCache.ScanAssembly (119ms)
			ScanForSourceGeneratedMonoScriptInfo (0ms)
			ResolveRequiredComponents (0ms)
	FinalizeReload (320ms)
		ReleaseScriptCaches (0ms)
		RebuildScriptCaches (0ms)
		SetupLoadedEditorAssemblies (268ms)
			LogAssemblyErrors (0ms)
			InitializePlatformSupportModulesInManaged (117ms)
			SetLoadedEditorAssemblies (4ms)
			RefreshPlugins (0ms)
			BeforeProcessingInitializeOnLoad (2ms)
			ProcessInitializeOnLoadAttributes (99ms)
			ProcessInitializeOnLoadMethodAttributes (45ms)
			AfterProcessingInitializeOnLoad (0ms)
			EditorAssembliesLoaded (0ms)
		ExecutionOrderSort2 (0ms)
		AwakeInstancesAfterBackupRestoration (0ms)
========================================================================
Worker process is ready to serve import requests
Begin MonoManager ReloadAssembly
- Loaded All Assemblies, in  0.702 seconds
Refreshing native plugins compatible for Editor in 4.59 ms, found 3 plugins.
Native extension for UWP target not found
Native extension for LinuxStandalone target not found
Native extension for WindowsStandalone target not found
Native extension for AppleTV target not found
Failed to load: C:/Program Files/Unity/Hub/Editor/2022.3.32f1/Editor/Data/PlaybackEngines/VisionOSPlayer\x64\UnityEditor.VisionOS.Native.dll
Native extension for VisionOS target not found
Native extension for iOS target not found
Native extension for Android target not found
Native extension for OSXStandalone target not found
Native extension for WebGL target not found
Package Manager log level set to [2]
[Package Manager] Server::EnsureServerProcessIsRunning -- launch failed, reason: Unity was launched with the -noUpm command-line argument
[Package Manager] UpmClient::Send -- Unable to send message (not connected to UPM process).
[Package Manager] Cannot connect to Unity Package Manager local server
Mono: successfully reloaded assembly
- Finished resetting the current domain, in  0.910 seconds
Domain Reload Profiling: 1612ms
	BeginReloadAssembly (129ms)
		ExecutionOrderSort (0ms)
		DisableScriptedObjects (5ms)
		BackupInstance (0ms)
		ReleaseScriptingObjects (0ms)
		CreateAndSetChildDomain (22ms)
	RebuildCommonClasses (28ms)
	RebuildNativeTypeToScriptingClass (10ms)
	initialDomainReloadingComplete (37ms)
	LoadAllAssembliesAndSetupDomain (498ms)
		LoadAssemblies (323ms)
		RebuildTransferFunctionScriptingTraits (0ms)
		AnalyzeDomain (247ms)
			TypeCache.Refresh (213ms)
				TypeCache.ScanAssembly (192ms)
			ScanForSourceGeneratedMonoScriptInfo (23ms)
			ResolveRequiredComponents (10ms)
	FinalizeReload (911ms)
		ReleaseScriptCaches (0ms)
		RebuildScriptCaches (0ms)
		SetupLoadedEditorAssemblies (716ms)
			LogAssemblyErrors (0ms)
			InitializePlatformSupportModulesInManaged (44ms)
			SetLoadedEditorAssemblies (4ms)
			RefreshPlugins (0ms)
			BeforeProcessingInitializeOnLoad (60ms)
			ProcessInitializeOnLoadAttributes (366ms)
			ProcessInitializeOnLoadMethodAttributes (239ms)
			AfterProcessingInitializeOnLoad (4ms)
			EditorAssembliesLoaded (0ms)
		ExecutionOrderSort2 (0ms)
		AwakeInstancesAfterBackupRestoration (9ms)
Launched and connected shader compiler UnityShaderCompiler.exe after 0.06 seconds
Refreshing native plugins compatible for Editor in 5.90 ms, found 3 plugins.
Preloading 0 native plugins for Editor in 0.00 ms.
Unloading 6256 Unused Serialized files (Serialized files now loaded: 0)
Unloading 100 unused Assets / (3.6 MB). Loaded Objects now: 6727.
Memory consumption went from 297.5 MB to 293.9 MB.
Total: 4.530000 ms (FindLiveObjects: 0.464100 ms CreateObjectMapping: 0.180100 ms MarkObjects: 3.135400 ms  DeleteObjects: 0.749600 ms)

AssetImportParameters requested are different than current active one (requested -> active):
  custom:scripting/monoscript/fileName/UnityChanControlScriptWithRgidBody.cs: e6ad178b4f24d3fb6df560f63a9af963 -> f93a5d4c41203833745f195667a8d5db
  custom:container-demuxer-ogg: 62fdf1f143b41e24485cea50d1cbac27 -> 
  custom:video-decoder-ogg-theora: a1e56fd34408186e4bbccfd4996cb3dc -> 
  custom:framework-win-MediaFoundation: 216162199b28c13a410421893ffa2e32 -> 
  custom:scripting/monoscript/fileName/SplashScreen.cs: 4f15bdeda5786e36b26ec9f1ee28d049 -> 6c6c37897b93bb9a6c31f7924f0ecb9c
  custom:scripting/monoscript/fileName/SpringManager.cs: 63fae3f257b6da23647eb30a46508886 -> 2305b639182e6e0828314a19c0d5a7d0
  custom:scripting/monoscript/fileName/IdleChanger.cs: d7ff7cacbc969432e0ab5d0a90b33d30 -> e2174b8c7f90f2d49a9c826bcd31f625
  custom:CustomObjectIndexerAttribute: 9a22284fe3817be447336de3de66b15e -> 
  custom:scripting/monoscript/fileName/SpringBone.cs: dbd48510a58b6cedaa07b1e00b932e85 -> 989f2d558f1c00c3b0c7133fbe676485
  custom:container-demuxer-webm: 4f35f7cbe854078d1ac9338744f61a02 -> 
  custom:scripting/monoscript/fileName/SpringCollider.cs: 1aaeb07b34dddf2d3419a09c4f27fa99 -> 611015d43f843d0a8a816baeac1892d3
  custom:container-muxer-webm: aa71ff27fc2769a1b78a27578f13a17b -> 
  custom:scripting/monoscript/fileName/RandomWind.cs: 940d706628800ba0016ad2dda173d059 -> be31d0f94b239f7e0b4b46a319d3ba3b
  custom:video-decoder-webm-vp8: 9c59270c3fd7afecdb556c50c9e8de78 -> 
  custom:scripting/monoscript/fileName/AutoBlink.cs: 80cab70de5be63762aa7ba69af305dea -> e719fce70f46c90402d12ff39a4f7365
  custom:scripting/monoscript/fileName/IKCtrlRightHand.cs: 39509998bd9a5b13b4e2590ad828f9fa -> 3af9bf3fc39d24bcbc842065abcef555
  custom:SearchIndexIgnoredProperties: e643bd26f0fe6173181afceb89e7c659 -> 
  custom:AudioImporter_EditorPlatform: d09bf68614088b80899f8185d706f6e7 -> 
  custom:scripting/monoscript/fileName/FaceUpdate.cs: 23603e6fd54448a03c5b0e5bc0ec0eaa -> cab0fb8c8d65ae2e8ae8c5b3a02b4d4b
  custom:scripting/monoscript/fileName/CameraController.cs: 8e751b4971e7eade8101031695d810d5 -> 237eb1ea9a4c37f8fb087ea1161536eb
  custom:video-encoder-webm-vp8: eb34c28f22e8b96e1ab97ce403110664 -> 
  custom:audio-decoder-ogg-vorbis: bf7c407c2cedff20999df2af8eb42d56 -> 
  custom:scripting/monoscript/fileName/ThirdPersonCamera.cs: f37302e2a4ffce4a1ce32e6a1179ee5e -> 35de7e6ba15e5b9fdadcda09253e7a10
  custom:audio-encoder-webm-vorbis: bf7c407c2cedff20999df2af8eb42d56 -> 
  custom:scripting/monoscript/fileName/CreateLocatorHere.cs: 2dbcc4bdf7bee4c4e6b63af51f1aaa17 -> eabea7a256020b5a9700a1f9ac468b65
========================================================================
Received Import Request.
  Time since last request: 3435.997632 seconds.
  path: Assets/Female Locomotion Pack/Kachujin G Rosales 1.fbx
  artifactKey: Guid(9dfaed0599164a44986dd2b603a5e3b4) Importer(815301076,1909f56bfc062723c751e8b465ee728b)
Start importing Assets/Female Locomotion Pack/Kachujin G Rosales 1.fbx using Guid(9dfaed0599164a44986dd2b603a5e3b4) Importer(815301076,1909f56bfc062723c751e8b465ee728b) [PhysX] Initialized MultithreadedTaskDispatcher with 24 workers.
[PhysX] Initialized MultithreadedTaskDispatcher with 24 workers.
[PhysX] Initialized MultithreadedTaskDispatcher with 24 workers.
[PhysX] Initialized MultithreadedTaskDispatcher with 24 workers.
[PhysX] Initialized MultithreadedTaskDispatcher with 24 workers.
[PhysX] Initialized MultithreadedTaskDispatcher with 24 workers.
 -> (artifact id: '7eee7858ca530f650f1fe80cf014ac49') in 1.208660 seconds
Number of updated asset objects reloaded before import = 0
Number of asset objects unloaded after import = 166
========================================================================
Received Import Request.
  Time since last request: 15.675655 seconds.
  path: Assets/Female Locomotion Pack/Unity-chan! Model
  artifactKey: Guid(6395fe2434a22ef41b83186b290f8fab) Importer(815301076,1909f56bfc062723c751e8b465ee728b)
Start importing Assets/Female Locomotion Pack/Unity-chan! Model using Guid(6395fe2434a22ef41b83186b290f8fab) Importer(815301076,1909f56bfc062723c751e8b465ee728b) [PhysX] Initialized MultithreadedTaskDispatcher with 24 workers.
 -> (artifact id: '69ce5224d6e1766e7e4f07b2b5b4dcd9') in 0.000580 seconds
Number of updated asset objects reloaded before import = 0
Number of asset objects unloaded after import = 0
========================================================================
Received Import Request.
  Time since last request: 2.835441 seconds.
  path: Assets/Female Locomotion Pack/Unity-chan! Model/Prefabs
  artifactKey: Guid(f875c0a860fab1c498f1ed5edcee2b47) Importer(815301076,1909f56bfc062723c751e8b465ee728b)
Start importing Assets/Female Locomotion Pack/Unity-chan! Model/Prefabs using Guid(f875c0a860fab1c498f1ed5edcee2b47) Importer(815301076,1909f56bfc062723c751e8b465ee728b) [PhysX] Initialized MultithreadedTaskDispatcher with 24 workers.
 -> (artifact id: '34c367a904f1427efc7a969a7d9124b4') in 0.000472 seconds
Number of updated asset objects reloaded before import = 0
Number of asset objects unloaded after import = 0
========================================================================
Received Import Request.
  Time since last request: 0.059507 seconds.
  path: Assets/Female Locomotion Pack/Unity-chan! Model/Prefabs/BoxUnityChan.prefab
  artifactKey: Guid(6788413dff62c534d8ca610faef3c7a2) Importer(815301076,1909f56bfc062723c751e8b465ee728b)
Start importing Assets/Female Locomotion Pack/Unity-chan! Model/Prefabs/BoxUnityChan.prefab using Guid(6788413dff62c534d8ca610faef3c7a2) Importer(815301076,1909f56bfc062723c751e8b465ee728b) [PhysX] Initialized MultithreadedTaskDispatcher with 24 workers.
[PhysX] Initialized MultithreadedTaskDispatcher with 24 workers.
 -> (artifact id: '54d9f3212c6872c17b7179b4bcbd5ab0') in 0.033251 seconds
Number of updated asset objects reloaded before import = 0
Number of asset objects unloaded after import = 456
========================================================================
Received Import Request.
  Time since last request: 0.000018 seconds.
  path: Assets/Female Locomotion Pack/Unity-chan! Model/Prefabs/LookPos.prefab
  artifactKey: Guid(6d5bff5837eca402492a89073b17c2e6) Importer(815301076,1909f56bfc062723c751e8b465ee728b)
Start importing Assets/Female Locomotion Pack/Unity-chan! Model/Prefabs/LookPos.prefab using Guid(6d5bff5837eca402492a89073b17c2e6) Importer(815301076,1909f56bfc062723c751e8b465ee728b) [PhysX] Initialized MultithreadedTaskDispatcher with 24 workers.
 -> (artifact id: '9aca1bcef037605d7e2e7b71d528ed28') in 0.001383 seconds
Number of updated asset objects reloaded before import = 0
Number of asset objects unloaded after import = 4
========================================================================
Received Import Request.
  Time since last request: 0.000017 seconds.
  path: Assets/Female Locomotion Pack/Unity-chan! Model/Prefabs/unitychan.prefab
  artifactKey: Guid(412b92d4feeb9c548bfa98f62c4d1022) Importer(815301076,1909f56bfc062723c751e8b465ee728b)
Start importing Assets/Female Locomotion Pack/Unity-chan! Model/Prefabs/unitychan.prefab using Guid(412b92d4feeb9c548bfa98f62c4d1022) Importer(815301076,1909f56bfc062723c751e8b465ee728b) [PhysX] Initialized MultithreadedTaskDispatcher with 24 workers.
[PhysX] Initialized MultithreadedTaskDispatcher with 24 workers.
 -> (artifact id: 'f5abdaf7683b0783a2d252255d73e967') in 0.081829 seconds
Number of updated asset objects reloaded before import = 0
Number of asset objects unloaded after import = 579
========================================================================
Received Import Request.
  Time since last request: 3.304604 seconds.
  path: Assets/Female Locomotion Pack/Unity-chan! Model/Prefabs/for Locomotion
  artifactKey: Guid(9aeff261260b248328b8ce74346dc8fd) Importer(815301076,1909f56bfc062723c751e8b465ee728b)
Start importing Assets/Female Locomotion Pack/Unity-chan! Model/Prefabs/for Locomotion using Guid(9aeff261260b248328b8ce74346dc8fd) Importer(815301076,1909f56bfc062723c751e8b465ee728b) [PhysX] Initialized MultithreadedTaskDispatcher with 24 workers.
 -> (artifact id: 'b1a9f7f934d91228f1010c00a54d777a') in 0.000809 seconds
Number of updated asset objects reloaded before import = 0
Number of asset objects unloaded after import = 0
========================================================================
Received Import Request.
  Time since last request: 0.074067 seconds.
  path: Assets/Female Locomotion Pack/Unity-chan! Model/Prefabs/for Locomotion/CamPos.prefab
  artifactKey: Guid(65eb07d65eb184e13a4b388eced0d32b) Importer(815301076,1909f56bfc062723c751e8b465ee728b)
Start importing Assets/Female Locomotion Pack/Unity-chan! Model/Prefabs/for Locomotion/CamPos.prefab using Guid(65eb07d65eb184e13a4b388eced0d32b) Importer(815301076,1909f56bfc062723c751e8b465ee728b) [PhysX] Initialized MultithreadedTaskDispatcher with 24 workers.
 -> (artifact id: 'a4736a6fcd2194b74699f04ea4252f71') in 0.001897 seconds
Number of updated asset objects reloaded before import = 0
Number of asset objects unloaded after import = 4
========================================================================
Received Import Request.
  Time since last request: 0.000120 seconds.
  path: Assets/Female Locomotion Pack/Unity-chan! Model/Prefabs/for Locomotion/unitychan.prefab
  artifactKey: Guid(40046bae76ac54bffb59f14f47d9ba1b) Importer(815301076,1909f56bfc062723c751e8b465ee728b)
Start importing Assets/Female Locomotion Pack/Unity-chan! Model/Prefabs/for Locomotion/unitychan.prefab using Guid(40046bae76ac54bffb59f14f47d9ba1b) Importer(815301076,1909f56bfc062723c751e8b465ee728b) [PhysX] Initialized MultithreadedTaskDispatcher with 24 workers.
[PhysX] Initialized MultithreadedTaskDispatcher with 24 workers.
 -> (artifact id: 'a00ad50cd72ab9fb36ae77939963f94d') in 0.072432 seconds
Number of updated asset objects reloaded before import = 0
Number of asset objects unloaded after import = 490
========================================================================
Received Import Request.
  Time since last request: 43.632471 seconds.
  path: Assets/Female Locomotion Pack/Unity-chan! Model/Audio
  artifactKey: Guid(c388b2cfb1710a449aeb185fe484b341) Importer(815301076,1909f56bfc062723c751e8b465ee728b)
Start importing Assets/Female Locomotion Pack/Unity-chan! Model/Audio using Guid(c388b2cfb1710a449aeb185fe484b341) Importer(815301076,1909f56bfc062723c751e8b465ee728b) [PhysX] Initialized MultithreadedTaskDispatcher with 24 workers.
 -> (artifact id: 'd63157856916a81b5d9d6b64c586bcc0') in 0.000854 seconds
Number of updated asset objects reloaded before import = 0
Number of asset objects unloaded after import = 0
========================================================================
Received Import Request.
  Time since last request: 1.000100 seconds.
  path: Assets/Female Locomotion Pack/Unity-chan! Model/Audio/Voice
  artifactKey: Guid(cd59daf8827fd40d28fc8719cf5b20b6) Importer(815301076,1909f56bfc062723c751e8b465ee728b)
Start importing Assets/Female Locomotion Pack/Unity-chan! Model/Audio/Voice using Guid(cd59daf8827fd40d28fc8719cf5b20b6) Importer(815301076,1909f56bfc062723c751e8b465ee728b) [PhysX] Initialized MultithreadedTaskDispatcher with 24 workers.
 -> (artifact id: '1966ac28a1efeff3ae107f5ca9821e41') in 0.000513 seconds
Number of updated asset objects reloaded before import = 0
Number of asset objects unloaded after import = 0
========================================================================
Received Import Request.
  Time since last request: 0.081296 seconds.
  path: Assets/Female Locomotion Pack/Unity-chan! Model/Audio/Voice/univ0001.wav
  artifactKey: Guid(eed2451bbd4264da8b6c27c92df62faf) Importer(815301076,1909f56bfc062723c751e8b465ee728b)
Start importing Assets/Female Locomotion Pack/Unity-chan! Model/Audio/Voice/univ0001.wav using Guid(eed2451bbd4264da8b6c27c92df62faf) Importer(815301076,1909f56bfc062723c751e8b465ee728b) [PhysX] Initialized MultithreadedTaskDispatcher with 24 workers.
[PhysX] Initialized MultithreadedTaskDispatcher with 24 workers.
 -> (artifact id: '1fff93e78a0b2b4ce52ec95f54d4fd58') in 0.022006 seconds
Number of updated asset objects reloaded before import = 0
Number of asset objects unloaded after import = 2
========================================================================
Received Import Request.
  Time since last request: 0.000029 seconds.
  path: Assets/Female Locomotion Pack/Unity-chan! Model/Audio/Voice/univ0007.wav
  artifactKey: Guid(d721cf72523c74b5b937bd0a354fdd40) Importer(815301076,1909f56bfc062723c751e8b465ee728b)
Start importing Assets/Female Locomotion Pack/Unity-chan! Model/Audio/Voice/univ0007.wav using Guid(d721cf72523c74b5b937bd0a354fdd40) Importer(815301076,1909f56bfc062723c751e8b465ee728b) [PhysX] Initialized MultithreadedTaskDispatcher with 24 workers.
[PhysX] Initialized MultithreadedTaskDispatcher with 24 workers.
 -> (artifact id: '1c052e16998d8a0a7aa4fa01933d7344') in 0.006039 seconds
Number of updated asset objects reloaded before import = 0
Number of asset objects unloaded after import = 2
========================================================================
Received Import Request.
  Time since last request: 0.000035 seconds.
  path: Assets/Female Locomotion Pack/Unity-chan! Model/Audio/Voice/univ0045.wav
  artifactKey: Guid(1fe7fa3363d614a7196e93a1be83856d) Importer(815301076,1909f56bfc062723c751e8b465ee728b)
Start importing Assets/Female Locomotion Pack/Unity-chan! Model/Audio/Voice/univ0045.wav using Guid(1fe7fa3363d614a7196e93a1be83856d) Importer(815301076,1909f56bfc062723c751e8b465ee728b) [PhysX] Initialized MultithreadedTaskDispatcher with 24 workers.
[PhysX] Initialized MultithreadedTaskDispatcher with 24 workers.
 -> (artifact id: 'f19da965e2ab927013282bfc9246231a') in 0.006500 seconds
Number of updated asset objects reloaded before import = 0
Number of asset objects unloaded after import = 2
========================================================================
Received Import Request.
  Time since last request: 0.000026 seconds.
  path: Assets/Female Locomotion Pack/Unity-chan! Model/Audio/Voice/univ0036.wav
  artifactKey: Guid(4d14dab9e33d14848a32415f0dbb069a) Importer(815301076,1909f56bfc062723c751e8b465ee728b)
Start importing Assets/Female Locomotion Pack/Unity-chan! Model/Audio/Voice/univ0036.wav using Guid(4d14dab9e33d14848a32415f0dbb069a) Importer(815301076,1909f56bfc062723c751e8b465ee728b) [PhysX] Initialized MultithreadedTaskDispatcher with 24 workers.
[PhysX] Initialized MultithreadedTaskDispatcher with 24 workers.
 -> (artifact id: '45ce8e545265393d4400c682756f4730') in 0.006605 seconds
Number of updated asset objects reloaded before import = 0
Number of asset objects unloaded after import = 2
========================================================================
Received Import Request.
  Time since last request: 0.000023 seconds.
  path: Assets/Female Locomotion Pack/Unity-chan! Model/Audio/Voice/univ0024.wav
  artifactKey: Guid(168b099abe87a4431ba16dfd3d78df46) Importer(815301076,1909f56bfc062723c751e8b465ee728b)
Start importing Assets/Female Locomotion Pack/Unity-chan! Model/Audio/Voice/univ0024.wav using Guid(168b099abe87a4431ba16dfd3d78df46) Importer(815301076,1909f56bfc062723c751e8b465ee728b) [PhysX] Initialized MultithreadedTaskDispatcher with 24 workers.
[PhysX] Initialized MultithreadedTaskDispatcher with 24 workers.
 -> (artifact id: '7a5f447ac6f0e19dfecae472e3b6ebe5') in 0.006200 seconds
Number of updated asset objects reloaded before import = 0
Number of asset objects unloaded after import = 2
========================================================================
Received Import Request.
  Time since last request: 0.000023 seconds.
  path: Assets/Female Locomotion Pack/Unity-chan! Model/Audio/Voice/univ0011.wav
  artifactKey: Guid(874dc2aadd4204ec1987fcd17f8d7fb8) Importer(815301076,1909f56bfc062723c751e8b465ee728b)
Start importing Assets/Female Locomotion Pack/Unity-chan! Model/Audio/Voice/univ0011.wav using Guid(874dc2aadd4204ec1987fcd17f8d7fb8) Importer(815301076,1909f56bfc062723c751e8b465ee728b) [PhysX] Initialized MultithreadedTaskDispatcher with 24 workers.
[PhysX] Initialized MultithreadedTaskDispatcher with 24 workers.
 -> (artifact id: '0b7ce47e18d84ef2c8bccfdc11d6f5bc') in 0.006188 seconds
Number of updated asset objects reloaded before import = 0
Number of asset objects unloaded after import = 2
========================================================================
Received Import Request.
  Time since last request: 0.000022 seconds.
  path: Assets/Female Locomotion Pack/Unity-chan! Model/Audio/Voice/univ0008.wav
  artifactKey: Guid(5dadf04f00ed843aaaf7d41e3d53a927) Importer(815301076,1909f56bfc062723c751e8b465ee728b)
Start importing Assets/Female Locomotion Pack/Unity-chan! Model/Audio/Voice/univ0008.wav using Guid(5dadf04f00ed843aaaf7d41e3d53a927) Importer(815301076,1909f56bfc062723c751e8b465ee728b) [PhysX] Initialized MultithreadedTaskDispatcher with 24 workers.
[PhysX] Initialized MultithreadedTaskDispatcher with 24 workers.
 -> (artifact id: 'ea2200ef83eb937cbdad9834bd93a174') in 0.006098 seconds
Number of updated asset objects reloaded before import = 0
Number of asset objects unloaded after import = 2
========================================================================
Received Import Request.
  Time since last request: 0.000025 seconds.
  path: Assets/Female Locomotion Pack/Unity-chan! Model/Audio/Voice/univ0035.wav
  artifactKey: Guid(2a97d0e4a0e72482496968572f000b28) Importer(815301076,1909f56bfc062723c751e8b465ee728b)
Start importing Assets/Female Locomotion Pack/Unity-chan! Model/Audio/Voice/univ0035.wav using Guid(2a97d0e4a0e72482496968572f000b28) Importer(815301076,1909f56bfc062723c751e8b465ee728b) [PhysX] Initialized MultithreadedTaskDispatcher with 24 workers.
[PhysX] Initialized MultithreadedTaskDispatcher with 24 workers.
 -> (artifact id: 'eb375e8dd551f0c67b798dcfc58ec50d') in 0.005940 seconds
Number of updated asset objects reloaded before import = 0
Number of asset objects unloaded after import = 2
========================================================================
Received Import Request.
  Time since last request: 0.000023 seconds.
  path: Assets/Female Locomotion Pack/Unity-chan! Model/Audio/Voice/univ0043.wav
  artifactKey: Guid(666b5e8d439124793998f8707c8be1b3) Importer(815301076,1909f56bfc062723c751e8b465ee728b)
Start importing Assets/Female Locomotion Pack/Unity-chan! Model/Audio/Voice/univ0043.wav using Guid(666b5e8d439124793998f8707c8be1b3) Importer(815301076,1909f56bfc062723c751e8b465ee728b) [PhysX] Initialized MultithreadedTaskDispatcher with 24 workers.
[PhysX] Initialized MultithreadedTaskDispatcher with 24 workers.
 -> (artifact id: '31c6403c506f3cb61511744d38174964') in 0.005844 seconds
Number of updated asset objects reloaded before import = 0
Number of asset objects unloaded after import = 2
========================================================================
Received Import Request.
  Time since last request: 0.000023 seconds.
  path: Assets/Female Locomotion Pack/Unity-chan! Model/Audio/Voice/univ0027.wav
  artifactKey: Guid(39c15a2c77273494b9b02b228371d87b) Importer(815301076,1909f56bfc062723c751e8b465ee728b)
Start importing Assets/Female Locomotion Pack/Unity-chan! Model/Audio/Voice/univ0027.wav using Guid(39c15a2c77273494b9b02b228371d87b) Importer(815301076,1909f56bfc062723c751e8b465ee728b) [PhysX] Initialized MultithreadedTaskDispatcher with 24 workers.
[PhysX] Initialized MultithreadedTaskDispatcher with 24 workers.
 -> (artifact id: '26e87f47745c73d3ab377e18fd862aa2') in 0.005464 seconds
Number of updated asset objects reloaded before import = 0
Number of asset objects unloaded after import = 2
========================================================================
Received Import Request.
  Time since last request: 0.000021 seconds.
  path: Assets/Female Locomotion Pack/Unity-chan! Model/Audio/Voice/univ0040.wav
  artifactKey: Guid(2c9c70ceb0e7c471a9db3829f9954fc5) Importer(815301076,1909f56bfc062723c751e8b465ee728b)
Start importing Assets/Female Locomotion Pack/Unity-chan! Model/Audio/Voice/univ0040.wav using Guid(2c9c70ceb0e7c471a9db3829f9954fc5) Importer(815301076,1909f56bfc062723c751e8b465ee728b) [PhysX] Initialized MultithreadedTaskDispatcher with 24 workers.
[PhysX] Initialized MultithreadedTaskDispatcher with 24 workers.
 -> (artifact id: '2b4b58edad695ee71d09000284a01a67') in 0.005901 seconds
Number of updated asset objects reloaded before import = 0
Number of asset objects unloaded after import = 2
========================================================================
Received Import Request.
  Time since last request: 0.000094 seconds.
  path: Assets/Female Locomotion Pack/Unity-chan! Model/Audio/Voice/univ1002.wav
  artifactKey: Guid(6acd235d764674b5b8a9c9be2c95e819) Importer(815301076,1909f56bfc062723c751e8b465ee728b)
Start importing Assets/Female Locomotion Pack/Unity-chan! Model/Audio/Voice/univ1002.wav using Guid(6acd235d764674b5b8a9c9be2c95e819) Importer(815301076,1909f56bfc062723c751e8b465ee728b) [PhysX] Initialized MultithreadedTaskDispatcher with 24 workers.
[PhysX] Initialized MultithreadedTaskDispatcher with 24 workers.
 -> (artifact id: '34cce1177a361c98364e9b06f17f45e8') in 0.005782 seconds
Number of updated asset objects reloaded before import = 0
Number of asset objects unloaded after import = 2
========================================================================
Received Import Request.
  Time since last request: 0.000023 seconds.
  path: Assets/Female Locomotion Pack/Unity-chan! Model/Audio/Voice/univ0037.wav
  artifactKey: Guid(5545b4aa0573e4c96b26e3b6d6514d5f) Importer(815301076,1909f56bfc062723c751e8b465ee728b)
Start importing Assets/Female Locomotion Pack/Unity-chan! Model/Audio/Voice/univ0037.wav using Guid(5545b4aa0573e4c96b26e3b6d6514d5f) Importer(815301076,1909f56bfc062723c751e8b465ee728b) [PhysX] Initialized MultithreadedTaskDispatcher with 24 workers.
[PhysX] Initialized MultithreadedTaskDispatcher with 24 workers.
 -> (artifact id: '87a55dcc310b3432a746d89296d11f84') in 0.005994 seconds
Number of updated asset objects reloaded before import = 0
Number of asset objects unloaded after import = 2
========================================================================
Received Import Request.
  Time since last request: 30.442412 seconds.
  path: Assets/Female Locomotion Pack/Unity-chan! Model/Audio/Voice/univ1004.wav
  artifactKey: Guid(5f495037948cf49269a56b62f7b9e8e0) Importer(815301076,1909f56bfc062723c751e8b465ee728b)
Start importing Assets/Female Locomotion Pack/Unity-chan! Model/Audio/Voice/univ1004.wav using Guid(5f495037948cf49269a56b62f7b9e8e0) Importer(815301076,1909f56bfc062723c751e8b465ee728b) [PhysX] Initialized MultithreadedTaskDispatcher with 24 workers.
[PhysX] Initialized MultithreadedTaskDispatcher with 24 workers.
 -> (artifact id: '62da87ad2f7cc41d321b90547ddf7b31') in 0.010736 seconds
Number of updated asset objects reloaded before import = 0
Number of asset objects unloaded after import = 2
========================================================================
Received Import Request.
  Time since last request: 0.000026 seconds.
  path: Assets/Female Locomotion Pack/Unity-chan! Model/Audio/Voice/univ1010.wav
  artifactKey: Guid(c6bda23e943374eb69513f998c1007dc) Importer(815301076,1909f56bfc062723c751e8b465ee728b)
Start importing Assets/Female Locomotion Pack/Unity-chan! Model/Audio/Voice/univ1010.wav using Guid(c6bda23e943374eb69513f998c1007dc) Importer(815301076,1909f56bfc062723c751e8b465ee728b) [PhysX] Initialized MultithreadedTaskDispatcher with 24 workers.
[PhysX] Initialized MultithreadedTaskDispatcher with 24 workers.
 -> (artifact id: 'b370a56f0c177d916776372653e44da8') in 0.009268 seconds
Number of updated asset objects reloaded before import = 0
Number of asset objects unloaded after import = 2
========================================================================
Received Import Request.
  Time since last request: 0.000033 seconds.
  path: Assets/Female Locomotion Pack/Unity-chan! Model/Audio/Voice/univ1013.wav
  artifactKey: Guid(d1eeb8b55c55644d5923b4c51c65ed60) Importer(815301076,1909f56bfc062723c751e8b465ee728b)
Start importing Assets/Female Locomotion Pack/Unity-chan! Model/Audio/Voice/univ1013.wav using Guid(d1eeb8b55c55644d5923b4c51c65ed60) Importer(815301076,1909f56bfc062723c751e8b465ee728b) [PhysX] Initialized MultithreadedTaskDispatcher with 24 workers.
[PhysX] Initialized MultithreadedTaskDispatcher with 24 workers.
 -> (artifact id: 'ae1c04c25b202fc0b66ac269aae02e67') in 0.014348 seconds
Number of updated asset objects reloaded before import = 0
Number of asset objects unloaded after import = 2
========================================================================
Received Import Request.
  Time since last request: 0.015485 seconds.
  path: Assets/Female Locomotion Pack/Unity-chan! Model/Audio/Voice/univ1015.wav
  artifactKey: Guid(c5b7b617e6a324665b0154b0366b81a3) Importer(815301076,1909f56bfc062723c751e8b465ee728b)
Start importing Assets/Female Locomotion Pack/Unity-chan! Model/Audio/Voice/univ1015.wav using Guid(c5b7b617e6a324665b0154b0366b81a3) Importer(815301076,1909f56bfc062723c751e8b465ee728b) [PhysX] Initialized MultithreadedTaskDispatcher with 24 workers.
[PhysX] Initialized MultithreadedTaskDispatcher with 24 workers.
 -> (artifact id: '6e0c75c4c84ef95b8a5a62d5aab6ed09') in 0.009334 seconds
Number of updated asset objects reloaded before import = 0
Number of asset objects unloaded after import = 2
========================================================================
Received Import Request.
  Time since last request: 0.000022 seconds.
  path: Assets/Female Locomotion Pack/Unity-chan! Model/Audio/Voice/univ1026.wav
  artifactKey: Guid(fa5234b2218704e3da5e9fb3e5ee1325) Importer(815301076,1909f56bfc062723c751e8b465ee728b)
Start importing Assets/Female Locomotion Pack/Unity-chan! Model/Audio/Voice/univ1026.wav using Guid(fa5234b2218704e3da5e9fb3e5ee1325) Importer(815301076,1909f56bfc062723c751e8b465ee728b) [PhysX] Initialized MultithreadedTaskDispatcher with 24 workers.
[PhysX] Initialized MultithreadedTaskDispatcher with 24 workers.
 -> (artifact id: '973a0012019da4f552aa381bdfd9d3a0') in 0.015940 seconds
Number of updated asset objects reloaded before import = 0
Number of asset objects unloaded after import = 2
========================================================================
Received Import Request.
  Time since last request: 0.200440 seconds.
  path: Assets/Female Locomotion Pack/Unity-chan! Model/Audio/Voice/univ1028.wav
  artifactKey: Guid(019dd0e8917f24eb5a10e29c4909dbc5) Importer(815301076,1909f56bfc062723c751e8b465ee728b)
Start importing Assets/Female Locomotion Pack/Unity-chan! Model/Audio/Voice/univ1028.wav using Guid(019dd0e8917f24eb5a10e29c4909dbc5) Importer(815301076,1909f56bfc062723c751e8b465ee728b) [PhysX] Initialized MultithreadedTaskDispatcher with 24 workers.
[PhysX] Initialized MultithreadedTaskDispatcher with 24 workers.
 -> (artifact id: '82bd63d91cd2a16280cafd6c6e00d6a1') in 0.007527 seconds
Number of updated asset objects reloaded before import = 0
Number of asset objects unloaded after import = 2
========================================================================
Received Import Request.
  Time since last request: 0.000022 seconds.
  path: Assets/Female Locomotion Pack/Unity-chan! Model/Audio/Voice/univ1035.wav
  artifactKey: Guid(c512a55406d8045f2b636cf4bf853448) Importer(815301076,1909f56bfc062723c751e8b465ee728b)
Start importing Assets/Female Locomotion Pack/Unity-chan! Model/Audio/Voice/univ1035.wav using Guid(c512a55406d8045f2b636cf4bf853448) Importer(815301076,1909f56bfc062723c751e8b465ee728b) [PhysX] Initialized MultithreadedTaskDispatcher with 24 workers.
[PhysX] Initialized MultithreadedTaskDispatcher with 24 workers.
 -> (artifact id: '6e7f6dfd9107da250d4be262ef6eb01f') in 0.018528 seconds
Number of updated asset objects reloaded before import = 0
Number of asset objects unloaded after import = 2
========================================================================
Received Import Request.
  Time since last request: 0.008753 seconds.
  path: Assets/Female Locomotion Pack/Unity-chan! Model/Audio/Voice/univ1040.wav
  artifactKey: Guid(35d89da8284ab4bb7b52cc120f88ce2e) Importer(815301076,1909f56bfc062723c751e8b465ee728b)
Start importing Assets/Female Locomotion Pack/Unity-chan! Model/Audio/Voice/univ1040.wav using Guid(35d89da8284ab4bb7b52cc120f88ce2e) Importer(815301076,1909f56bfc062723c751e8b465ee728b) [PhysX] Initialized MultithreadedTaskDispatcher with 24 workers.
[PhysX] Initialized MultithreadedTaskDispatcher with 24 workers.
 -> (artifact id: '80ea40046b768f3de5a48fcdd4d57a59') in 0.007294 seconds
Number of updated asset objects reloaded before import = 0
Number of asset objects unloaded after import = 2
========================================================================
Received Import Request.
  Time since last request: 0.000025 seconds.
  path: Assets/Female Locomotion Pack/Unity-chan! Model/Audio/Voice/univ1058.wav
  artifactKey: Guid(a33ebe5fd693c4502b94986bde08c96d) Importer(815301076,1909f56bfc062723c751e8b465ee728b)
Start importing Assets/Female Locomotion Pack/Unity-chan! Model/Audio/Voice/univ1058.wav using Guid(a33ebe5fd693c4502b94986bde08c96d) Importer(815301076,1909f56bfc062723c751e8b465ee728b) [PhysX] Initialized MultithreadedTaskDispatcher with 24 workers.
[PhysX] Initialized MultithreadedTaskDispatcher with 24 workers.
 -> (artifact id: 'a1b43db8246bd02e5975fe80d38dce0c') in 0.007325 seconds
Number of updated asset objects reloaded before import = 0
Number of asset objects unloaded after import = 2
========================================================================
Received Import Request.
  Time since last request: 0.000025 seconds.
  path: Assets/Female Locomotion Pack/Unity-chan! Model/Audio/Voice/univ1047.wav
  artifactKey: Guid(ea1a3de72e0474bbfb22357be75fa443) Importer(815301076,1909f56bfc062723c751e8b465ee728b)
Start importing Assets/Female Locomotion Pack/Unity-chan! Model/Audio/Voice/univ1047.wav using Guid(ea1a3de72e0474bbfb22357be75fa443) Importer(815301076,1909f56bfc062723c751e8b465ee728b) [PhysX] Initialized MultithreadedTaskDispatcher with 24 workers.
[PhysX] Initialized MultithreadedTaskDispatcher with 24 workers.
 -> (artifact id: 'c5aed4232b149c34ea5c323e49c49023') in 0.008099 seconds
Number of updated asset objects reloaded before import = 0
Number of asset objects unloaded after import = 2
========================================================================
Received Import Request.
  Time since last request: 0.000026 seconds.
  path: Assets/Female Locomotion Pack/Unity-chan! Model/Audio/Voice/univ1050.wav
  artifactKey: Guid(0fe0b582ed51d441faf3a4321edd37a6) Importer(815301076,1909f56bfc062723c751e8b465ee728b)
Start importing Assets/Female Locomotion Pack/Unity-chan! Model/Audio/Voice/univ1050.wav using Guid(0fe0b582ed51d441faf3a4321edd37a6) Importer(815301076,1909f56bfc062723c751e8b465ee728b) [PhysX] Initialized MultithreadedTaskDispatcher with 24 workers.
[PhysX] Initialized MultithreadedTaskDispatcher with 24 workers.
 -> (artifact id: '52f71a929c39b65d592e03b9b2f87b43') in 0.012221 seconds
Number of updated asset objects reloaded before import = 0
Number of asset objects unloaded after import = 2
========================================================================
Received Import Request.
  Time since last request: 0.226016 seconds.
  path: Assets/Female Locomotion Pack/Unity-chan! Model/Audio/Voice/univ1064.wav
  artifactKey: Guid(a18a00f3bd41641c9882ee6b51ea1b15) Importer(815301076,1909f56bfc062723c751e8b465ee728b)
Start importing Assets/Female Locomotion Pack/Unity-chan! Model/Audio/Voice/univ1064.wav using Guid(a18a00f3bd41641c9882ee6b51ea1b15) Importer(815301076,1909f56bfc062723c751e8b465ee728b) [PhysX] Initialized MultithreadedTaskDispatcher with 24 workers.
[PhysX] Initialized MultithreadedTaskDispatcher with 24 workers.
 -> (artifact id: '3883ed0108522e81eb6db032e7e910e7') in 0.006872 seconds
Number of updated asset objects reloaded before import = 0
Number of asset objects unloaded after import = 2
========================================================================
Received Import Request.
  Time since last request: 0.000022 seconds.
  path: Assets/Female Locomotion Pack/Unity-chan! Model/Audio/Voice/univ1084.wav
  artifactKey: Guid(d3029239f552947acb50fb23db248fe6) Importer(815301076,1909f56bfc062723c751e8b465ee728b)
Start importing Assets/Female Locomotion Pack/Unity-chan! Model/Audio/Voice/univ1084.wav using Guid(d3029239f552947acb50fb23db248fe6) Importer(815301076,1909f56bfc062723c751e8b465ee728b) [PhysX] Initialized MultithreadedTaskDispatcher with 24 workers.
[PhysX] Initialized MultithreadedTaskDispatcher with 24 workers.
 -> (artifact id: 'b42ef260dfc2808259d26e4479192c7b') in 0.005903 seconds
Number of updated asset objects reloaded before import = 0
Number of asset objects unloaded after import = 2
========================================================================
Received Import Request.
  Time since last request: 0.000022 seconds.
  path: Assets/Female Locomotion Pack/Unity-chan! Model/Audio/Voice/univ1071.wav
  artifactKey: Guid(de03c730edc7c4c48a1bc14689c8e68a) Importer(815301076,1909f56bfc062723c751e8b465ee728b)
Start importing Assets/Female Locomotion Pack/Unity-chan! Model/Audio/Voice/univ1071.wav using Guid(de03c730edc7c4c48a1bc14689c8e68a) Importer(815301076,1909f56bfc062723c751e8b465ee728b) [PhysX] Initialized MultithreadedTaskDispatcher with 24 workers.
[PhysX] Initialized MultithreadedTaskDispatcher with 24 workers.
 -> (artifact id: '1384de7843d750ace035a55a1b2eb32b') in 0.006044 seconds
Number of updated asset objects reloaded before import = 0
Number of asset objects unloaded after import = 2
========================================================================
Received Import Request.
  Time since last request: 0.000021 seconds.
  path: Assets/Female Locomotion Pack/Unity-chan! Model/Audio/Voice/univ1086.wav
  artifactKey: Guid(09dcd2f585c6d4d7f83a1ab41b8fd008) Importer(815301076,1909f56bfc062723c751e8b465ee728b)
Start importing Assets/Female Locomotion Pack/Unity-chan! Model/Audio/Voice/univ1086.wav using Guid(09dcd2f585c6d4d7f83a1ab41b8fd008) Importer(815301076,1909f56bfc062723c751e8b465ee728b) [PhysX] Initialized MultithreadedTaskDispatcher with 24 workers.
[PhysX] Initialized MultithreadedTaskDispatcher with 24 workers.
 -> (artifact id: '029c2fb787f336e5ec9c54f479dbadab') in 0.006954 seconds
Number of updated asset objects reloaded before import = 0
Number of asset objects unloaded after import = 2
========================================================================
Received Import Request.
  Time since last request: 0.280888 seconds.
  path: Assets/Female Locomotion Pack/Unity-chan! Model/Audio/Voice/univ1088.wav
  artifactKey: Guid(bbf42c83ce5bb4045a4a63e8ae0e5656) Importer(815301076,1909f56bfc062723c751e8b465ee728b)
Start importing Assets/Female Locomotion Pack/Unity-chan! Model/Audio/Voice/univ1088.wav using Guid(bbf42c83ce5bb4045a4a63e8ae0e5656) Importer(815301076,1909f56bfc062723c751e8b465ee728b) [PhysX] Initialized MultithreadedTaskDispatcher with 24 workers.
[PhysX] Initialized MultithreadedTaskDispatcher with 24 workers.
 -> (artifact id: 'a9cd574b000e6129dbe80535342a6060') in 0.007433 seconds
Number of updated asset objects reloaded before import = 0
Number of asset objects unloaded after import = 2
========================================================================
Received Import Request.
  Time since last request: 0.000116 seconds.
  path: Assets/Female Locomotion Pack/Unity-chan! Model/Audio/Voice/univ1101.wav
  artifactKey: Guid(93544ae23f04c47b682e4c22db4335b8) Importer(815301076,1909f56bfc062723c751e8b465ee728b)
Start importing Assets/Female Locomotion Pack/Unity-chan! Model/Audio/Voice/univ1101.wav using Guid(93544ae23f04c47b682e4c22db4335b8) Importer(815301076,1909f56bfc062723c751e8b465ee728b) [PhysX] Initialized MultithreadedTaskDispatcher with 24 workers.
[PhysX] Initialized MultithreadedTaskDispatcher with 24 workers.
 -> (artifact id: '590dfeeebd631fa2f04a2a3100eeaf51') in 0.007184 seconds
Number of updated asset objects reloaded before import = 0
Number of asset objects unloaded after import = 2
========================================================================
Received Import Request.
  Time since last request: 0.000021 seconds.
  path: Assets/Female Locomotion Pack/Unity-chan! Model/Audio/Voice/univ1096.wav
  artifactKey: Guid(faf448bdff6ff4150a03b88b0d765916) Importer(815301076,1909f56bfc062723c751e8b465ee728b)
Start importing Assets/Female Locomotion Pack/Unity-chan! Model/Audio/Voice/univ1096.wav using Guid(faf448bdff6ff4150a03b88b0d765916) Importer(815301076,1909f56bfc062723c751e8b465ee728b) [PhysX] Initialized MultithreadedTaskDispatcher with 24 workers.
[PhysX] Initialized MultithreadedTaskDispatcher with 24 workers.
 -> (artifact id: '52da79d6df2d0eee6b0c2bc9d8c92a2e') in 0.005970 seconds
Number of updated asset objects reloaded before import = 0
Number of asset objects unloaded after import = 2
========================================================================
Received Import Request.
  Time since last request: 0.000022 seconds.
  path: Assets/Female Locomotion Pack/Unity-chan! Model/Audio/Voice/univ1118.wav
  artifactKey: Guid(57efe523f4fd14bd8ab2322a52c296db) Importer(815301076,1909f56bfc062723c751e8b465ee728b)
Start importing Assets/Female Locomotion Pack/Unity-chan! Model/Audio/Voice/univ1118.wav using Guid(57efe523f4fd14bd8ab2322a52c296db) Importer(815301076,1909f56bfc062723c751e8b465ee728b) [PhysX] Initialized MultithreadedTaskDispatcher with 24 workers.
[PhysX] Initialized MultithreadedTaskDispatcher with 24 workers.
 -> (artifact id: '15631d577e48472d9147f98d3d39922e') in 0.006337 seconds
Number of updated asset objects reloaded before import = 0
Number of asset objects unloaded after import = 2
========================================================================
Received Import Request.
  Time since last request: 0.000022 seconds.
  path: Assets/Female Locomotion Pack/Unity-chan! Model/Audio/Voice/univ1121.wav
  artifactKey: Guid(18f36ae73867646b7aabe41b95b93dcc) Importer(815301076,1909f56bfc062723c751e8b465ee728b)
Start importing Assets/Female Locomotion Pack/Unity-chan! Model/Audio/Voice/univ1121.wav using Guid(18f36ae73867646b7aabe41b95b93dcc) Importer(815301076,1909f56bfc062723c751e8b465ee728b) [PhysX] Initialized MultithreadedTaskDispatcher with 24 workers.
[PhysX] Initialized MultithreadedTaskDispatcher with 24 workers.
 -> (artifact id: '9ef9db861b310ac17234d8efd6827020') in 0.005603 seconds
Number of updated asset objects reloaded before import = 0
Number of asset objects unloaded after import = 2
========================================================================
Received Import Request.
  Time since last request: 0.000023 seconds.
  path: Assets/Female Locomotion Pack/Unity-chan! Model/Audio/Voice/univ1095.wav
  artifactKey: Guid(8b022f05317f74c7384d83d079aa4428) Importer(815301076,1909f56bfc062723c751e8b465ee728b)
Start importing Assets/Female Locomotion Pack/Unity-chan! Model/Audio/Voice/univ1095.wav using Guid(8b022f05317f74c7384d83d079aa4428) Importer(815301076,1909f56bfc062723c751e8b465ee728b) [PhysX] Initialized MultithreadedTaskDispatcher with 24 workers.
[PhysX] Initialized MultithreadedTaskDispatcher with 24 workers.
 -> (artifact id: 'd1ed23c01827dfdce84d8ab3149b6f75') in 0.006448 seconds
Number of updated asset objects reloaded before import = 0
Number of asset objects unloaded after import = 2
========================================================================
Received Import Request.
  Time since last request: 0.245631 seconds.
  path: Assets/Female Locomotion Pack/Unity-chan! Model/Audio/Voice/univ1124.wav
  artifactKey: Guid(dbe5b0d8e626d48dc979aea6d3ca52fd) Importer(815301076,1909f56bfc062723c751e8b465ee728b)
Start importing Assets/Female Locomotion Pack/Unity-chan! Model/Audio/Voice/univ1124.wav using Guid(dbe5b0d8e626d48dc979aea6d3ca52fd) Importer(815301076,1909f56bfc062723c751e8b465ee728b) [PhysX] Initialized MultithreadedTaskDispatcher with 24 workers.
[PhysX] Initialized MultithreadedTaskDispatcher with 24 workers.
 -> (artifact id: 'a7eeec66e981b84e8624963d1f0415d4') in 0.006525 seconds
Number of updated asset objects reloaded before import = 0
Number of asset objects unloaded after import = 2
========================================================================
Received Import Request.
  Time since last request: 0.000119 seconds.
  path: Assets/Female Locomotion Pack/Unity-chan! Model/Audio/Voice/univ1131.wav
  artifactKey: Guid(d29d0c17162b24c598429dd1b9a69de0) Importer(815301076,1909f56bfc062723c751e8b465ee728b)
Start importing Assets/Female Locomotion Pack/Unity-chan! Model/Audio/Voice/univ1131.wav using Guid(d29d0c17162b24c598429dd1b9a69de0) Importer(815301076,1909f56bfc062723c751e8b465ee728b) [PhysX] Initialized MultithreadedTaskDispatcher with 24 workers.
[PhysX] Initialized MultithreadedTaskDispatcher with 24 workers.
 -> (artifact id: 'a91eaeb57857f17827209b1f655ac384') in 0.006936 seconds
Number of updated asset objects reloaded before import = 0
Number of asset objects unloaded after import = 2
========================================================================
Received Import Request.
  Time since last request: 0.000021 seconds.
  path: Assets/Female Locomotion Pack/Unity-chan! Model/Audio/Voice/univ1143.wav
  artifactKey: Guid(0e24c8629911741208218b6091236cc1) Importer(815301076,1909f56bfc062723c751e8b465ee728b)
Start importing Assets/Female Locomotion Pack/Unity-chan! Model/Audio/Voice/univ1143.wav using Guid(0e24c8629911741208218b6091236cc1) Importer(815301076,1909f56bfc062723c751e8b465ee728b) [PhysX] Initialized MultithreadedTaskDispatcher with 24 workers.
[PhysX] Initialized MultithreadedTaskDispatcher with 24 workers.
 -> (artifact id: 'b2a10b67199a867b43062bf053baee70') in 0.006626 seconds
Number of updated asset objects reloaded before import = 0
Number of asset objects unloaded after import = 2
========================================================================
Received Import Request.
  Time since last request: 0.000020 seconds.
  path: Assets/Female Locomotion Pack/Unity-chan! Model/Audio/Voice/univ1138.wav
  artifactKey: Guid(3902bb59b9d144499ab297f996a88db3) Importer(815301076,1909f56bfc062723c751e8b465ee728b)
Start importing Assets/Female Locomotion Pack/Unity-chan! Model/Audio/Voice/univ1138.wav using Guid(3902bb59b9d144499ab297f996a88db3) Importer(815301076,1909f56bfc062723c751e8b465ee728b) [PhysX] Initialized MultithreadedTaskDispatcher with 24 workers.
[PhysX] Initialized MultithreadedTaskDispatcher with 24 workers.
 -> (artifact id: '92696c44bd1fc3d3655ffcef01c6fda6') in 0.006070 seconds
Number of updated asset objects reloaded before import = 0
Number of asset objects unloaded after import = 2
========================================================================
Received Import Request.
  Time since last request: 0.271336 seconds.
  path: Assets/Female Locomotion Pack/Unity-chan! Model/Audio/Voice/univ1148.wav
  artifactKey: Guid(9b3912e8859164465a359471dc7340d4) Importer(815301076,1909f56bfc062723c751e8b465ee728b)
Start importing Assets/Female Locomotion Pack/Unity-chan! Model/Audio/Voice/univ1148.wav using Guid(9b3912e8859164465a359471dc7340d4) Importer(815301076,1909f56bfc062723c751e8b465ee728b) [PhysX] Initialized MultithreadedTaskDispatcher with 24 workers.
[PhysX] Initialized MultithreadedTaskDispatcher with 24 workers.
 -> (artifact id: 'd075fac0d518fca233b5c5672db788a9') in 0.006376 seconds
Number of updated asset objects reloaded before import = 0
Number of asset objects unloaded after import = 2
========================================================================
Received Import Request.
  Time since last request: 0.000140 seconds.
  path: Assets/Female Locomotion Pack/Unity-chan! Model/Audio/Voice/univ1166.wav
  artifactKey: Guid(02752a2026d1341e0964cb1f585a0c3e) Importer(815301076,1909f56bfc062723c751e8b465ee728b)
Start importing Assets/Female Locomotion Pack/Unity-chan! Model/Audio/Voice/univ1166.wav using Guid(02752a2026d1341e0964cb1f585a0c3e) Importer(815301076,1909f56bfc062723c751e8b465ee728b) [PhysX] Initialized MultithreadedTaskDispatcher with 24 workers.
[PhysX] Initialized MultithreadedTaskDispatcher with 24 workers.
 -> (artifact id: '6b573ff7953f8b17c8d33237645c7aa6') in 0.005651 seconds
Number of updated asset objects reloaded before import = 0
Number of asset objects unloaded after import = 2
========================================================================
Received Import Request.
  Time since last request: 0.000024 seconds.
  path: Assets/Female Locomotion Pack/Unity-chan! Model/Audio/Voice/univ1154.wav
  artifactKey: Guid(d72e6599ab5914afdbbe922355025af8) Importer(815301076,1909f56bfc062723c751e8b465ee728b)
Start importing Assets/Female Locomotion Pack/Unity-chan! Model/Audio/Voice/univ1154.wav using Guid(d72e6599ab5914afdbbe922355025af8) Importer(815301076,1909f56bfc062723c751e8b465ee728b) [PhysX] Initialized MultithreadedTaskDispatcher with 24 workers.
[PhysX] Initialized MultithreadedTaskDispatcher with 24 workers.
 -> (artifact id: '3cf5a30b766c3ec355a8d585dad074b5') in 0.005557 seconds
Number of updated asset objects reloaded before import = 0
Number of asset objects unloaded after import = 2
========================================================================
Received Import Request.
  Time since last request: 0.000026 seconds.
  path: Assets/Female Locomotion Pack/Unity-chan! Model/Audio/Voice/univ1175.wav
  artifactKey: Guid(d99e85421202f4fcbbe6feff2ff4d365) Importer(815301076,1909f56bfc062723c751e8b465ee728b)
Start importing Assets/Female Locomotion Pack/Unity-chan! Model/Audio/Voice/univ1175.wav using Guid(d99e85421202f4fcbbe6feff2ff4d365) Importer(815301076,1909f56bfc062723c751e8b465ee728b) [PhysX] Initialized MultithreadedTaskDispatcher with 24 workers.
[PhysX] Initialized MultithreadedTaskDispatcher with 24 workers.
 -> (artifact id: '8b1b58b669147c08b256f146ff29caa5') in 0.006149 seconds
Number of updated asset objects reloaded before import = 0
Number of asset objects unloaded after import = 2
========================================================================
Received Import Request.
  Time since last request: 0.000031 seconds.
  path: Assets/Female Locomotion Pack/Unity-chan! Model/Audio/Voice/univ1156.wav
  artifactKey: Guid(7cffb83de6b4f43749e44258bf38cf7c) Importer(815301076,1909f56bfc062723c751e8b465ee728b)
Start importing Assets/Female Locomotion Pack/Unity-chan! Model/Audio/Voice/univ1156.wav using Guid(7cffb83de6b4f43749e44258bf38cf7c) Importer(815301076,1909f56bfc062723c751e8b465ee728b) [PhysX] Initialized MultithreadedTaskDispatcher with 24 workers.
[PhysX] Initialized MultithreadedTaskDispatcher with 24 workers.
 -> (artifact id: '67fe36f081cf270aca160a4ef1aaa94f') in 0.005906 seconds
Number of updated asset objects reloaded before import = 0
Number of asset objects unloaded after import = 2
========================================================================
Received Import Request.
  Time since last request: 0.000022 seconds.
  path: Assets/Female Locomotion Pack/Unity-chan! Model/Audio/Voice/univ1165.wav
  artifactKey: Guid(207f338a3a33342e9b6f9c1011d34374) Importer(815301076,1909f56bfc062723c751e8b465ee728b)
Start importing Assets/Female Locomotion Pack/Unity-chan! Model/Audio/Voice/univ1165.wav using Guid(207f338a3a33342e9b6f9c1011d34374) Importer(815301076,1909f56bfc062723c751e8b465ee728b) [PhysX] Initialized MultithreadedTaskDispatcher with 24 workers.
[PhysX] Initialized MultithreadedTaskDispatcher with 24 workers.
 -> (artifact id: 'd8cb2c8f99ae33f0a2f225a85a33933d') in 0.005304 seconds
Number of updated asset objects reloaded before import = 0
Number of asset objects unloaded after import = 2
========================================================================
Received Import Request.
  Time since last request: 0.241389 seconds.
  path: Assets/Female Locomotion Pack/Unity-chan! Model/Audio/Voice/univ1184.wav
  artifactKey: Guid(89bfeef88dfba475fbcb7167c7335489) Importer(815301076,1909f56bfc062723c751e8b465ee728b)
Start importing Assets/Female Locomotion Pack/Unity-chan! Model/Audio/Voice/univ1184.wav using Guid(89bfeef88dfba475fbcb7167c7335489) Importer(815301076,1909f56bfc062723c751e8b465ee728b) [PhysX] Initialized MultithreadedTaskDispatcher with 24 workers.
[PhysX] Initialized MultithreadedTaskDispatcher with 24 workers.
 -> (artifact id: '4b66550c8201c3a4a44488f343cebc26') in 0.006384 seconds
Number of updated asset objects reloaded before import = 0
Number of asset objects unloaded after import = 2
========================================================================
Received Import Request.
  Time since last request: 0.000022 seconds.
  path: Assets/Female Locomotion Pack/Unity-chan! Model/Audio/Voice/univ1190.wav
  artifactKey: Guid(cf71e3a227cd1415ea722ad3b584d292) Importer(815301076,1909f56bfc062723c751e8b465ee728b)
Start importing Assets/Female Locomotion Pack/Unity-chan! Model/Audio/Voice/univ1190.wav using Guid(cf71e3a227cd1415ea722ad3b584d292) Importer(815301076,1909f56bfc062723c751e8b465ee728b) [PhysX] Initialized MultithreadedTaskDispatcher with 24 workers.
[PhysX] Initialized MultithreadedTaskDispatcher with 24 workers.
 -> (artifact id: '851bb2a884bce0d878863dfc7defe628') in 0.006193 seconds
Number of updated asset objects reloaded before import = 0
Number of asset objects unloaded after import = 2
========================================================================
Received Import Request.
  Time since last request: 0.000022 seconds.
  path: Assets/Female Locomotion Pack/Unity-chan! Model/Audio/Voice/univ1203.wav
  artifactKey: Guid(a674e6701ebd444eabd52df2df51f2be) Importer(815301076,1909f56bfc062723c751e8b465ee728b)
Start importing Assets/Female Locomotion Pack/Unity-chan! Model/Audio/Voice/univ1203.wav using Guid(a674e6701ebd444eabd52df2df51f2be) Importer(815301076,1909f56bfc062723c751e8b465ee728b) [PhysX] Initialized MultithreadedTaskDispatcher with 24 workers.
[PhysX] Initialized MultithreadedTaskDispatcher with 24 workers.
 -> (artifact id: 'd753b9b48748d84243de3e2e5d0ade06') in 0.008361 seconds
Number of updated asset objects reloaded before import = 0
Number of asset objects unloaded after import = 2
========================================================================
Received Import Request.
  Time since last request: 0.000022 seconds.
  path: Assets/Female Locomotion Pack/Unity-chan! Model/Audio/Voice/univ1215.wav
  artifactKey: Guid(1a9e677892667468f82b2fcbbf28822f) Importer(815301076,1909f56bfc062723c751e8b465ee728b)
Start importing Assets/Female Locomotion Pack/Unity-chan! Model/Audio/Voice/univ1215.wav using Guid(1a9e677892667468f82b2fcbbf28822f) Importer(815301076,1909f56bfc062723c751e8b465ee728b) [PhysX] Initialized MultithreadedTaskDispatcher with 24 workers.
[PhysX] Initialized MultithreadedTaskDispatcher with 24 workers.
 -> (artifact id: 'af96c36ecc1a4ca8f849c48d93a031aa') in 0.006084 seconds
Number of updated asset objects reloaded before import = 0
Number of asset objects unloaded after import = 2
========================================================================
Received Import Request.
  Time since last request: 0.000022 seconds.
  path: Assets/Female Locomotion Pack/Unity-chan! Model/Audio/Voice/univ1200.wav
  artifactKey: Guid(4c3f4f4db01c44f7986dc8f7a3072b6c) Importer(815301076,1909f56bfc062723c751e8b465ee728b)
Start importing Assets/Female Locomotion Pack/Unity-chan! Model/Audio/Voice/univ1200.wav using Guid(4c3f4f4db01c44f7986dc8f7a3072b6c) Importer(815301076,1909f56bfc062723c751e8b465ee728b) [PhysX] Initialized MultithreadedTaskDispatcher with 24 workers.
[PhysX] Initialized MultithreadedTaskDispatcher with 24 workers.
 -> (artifact id: 'ec11605d395ec8e3076386417605e554') in 0.006098 seconds
Number of updated asset objects reloaded before import = 0
Number of asset objects unloaded after import = 2
========================================================================
Received Import Request.
  Time since last request: 0.000027 seconds.
  path: Assets/Female Locomotion Pack/Unity-chan! Model/Audio/Voice/univ1210.wav
  artifactKey: Guid(6d364922eddad4a199ae237175cf5619) Importer(815301076,1909f56bfc062723c751e8b465ee728b)
Start importing Assets/Female Locomotion Pack/Unity-chan! Model/Audio/Voice/univ1210.wav using Guid(6d364922eddad4a199ae237175cf5619) Importer(815301076,1909f56bfc062723c751e8b465ee728b) [PhysX] Initialized MultithreadedTaskDispatcher with 24 workers.
[PhysX] Initialized MultithreadedTaskDispatcher with 24 workers.
 -> (artifact id: '8b2b8921065ab8d1d058bb507601d3ef') in 0.007566 seconds
Number of updated asset objects reloaded before import = 0
Number of asset objects unloaded after import = 2
========================================================================
Received Import Request.
  Time since last request: 0.253169 seconds.
  path: Assets/Female Locomotion Pack/Unity-chan! Model/Audio/Voice/univ1218.wav
  artifactKey: Guid(33efb526ba80749b1bd33f32186a3a1e) Importer(815301076,1909f56bfc062723c751e8b465ee728b)
Start importing Assets/Female Locomotion Pack/Unity-chan! Model/Audio/Voice/univ1218.wav using Guid(33efb526ba80749b1bd33f32186a3a1e) Importer(815301076,1909f56bfc062723c751e8b465ee728b) [PhysX] Initialized MultithreadedTaskDispatcher with 24 workers.
[PhysX] Initialized MultithreadedTaskDispatcher with 24 workers.
 -> (artifact id: '5003f45895abc4212da278ae63465843') in 0.006678 seconds
Number of updated asset objects reloaded before import = 0
Number of asset objects unloaded after import = 2
========================================================================
Received Import Request.
  Time since last request: 0.000021 seconds.
  path: Assets/Female Locomotion Pack/Unity-chan! Model/Audio/Voice/univ1235.wav
  artifactKey: Guid(8392ee3a431e4485c998b0b8bcde6438) Importer(815301076,1909f56bfc062723c751e8b465ee728b)
Start importing Assets/Female Locomotion Pack/Unity-chan! Model/Audio/Voice/univ1235.wav using Guid(8392ee3a431e4485c998b0b8bcde6438) Importer(815301076,1909f56bfc062723c751e8b465ee728b) [PhysX] Initialized MultithreadedTaskDispatcher with 24 workers.
[PhysX] Initialized MultithreadedTaskDispatcher with 24 workers.
 -> (artifact id: '4a238e81c74d7cb942aaf5c1c912c1f7') in 0.006445 seconds
Number of updated asset objects reloaded before import = 0
Number of asset objects unloaded after import = 2
========================================================================
Received Import Request.
  Time since last request: 0.000023 seconds.
  path: Assets/Female Locomotion Pack/Unity-chan! Model/Audio/Voice/univ1223.wav
  artifactKey: Guid(3373495a7ec844f93ae7c93adef184c4) Importer(815301076,1909f56bfc062723c751e8b465ee728b)
Start importing Assets/Female Locomotion Pack/Unity-chan! Model/Audio/Voice/univ1223.wav using Guid(3373495a7ec844f93ae7c93adef184c4) Importer(815301076,1909f56bfc062723c751e8b465ee728b) [PhysX] Initialized MultithreadedTaskDispatcher with 24 workers.
[PhysX] Initialized MultithreadedTaskDispatcher with 24 workers.
 -> (artifact id: '889fe41b10a12e40f347352ca13b716a') in 0.006827 seconds
Number of updated asset objects reloaded before import = 0
Number of asset objects unloaded after import = 2
========================================================================
Received Import Request.
  Time since last request: 0.000022 seconds.
  path: Assets/Female Locomotion Pack/Unity-chan! Model/Audio/Voice/univ1228.wav
  artifactKey: Guid(e83a15fba18f443ed8e4aa6f16600e18) Importer(815301076,1909f56bfc062723c751e8b465ee728b)
Start importing Assets/Female Locomotion Pack/Unity-chan! Model/Audio/Voice/univ1228.wav using Guid(e83a15fba18f443ed8e4aa6f16600e18) Importer(815301076,1909f56bfc062723c751e8b465ee728b) [PhysX] Initialized MultithreadedTaskDispatcher with 24 workers.
[PhysX] Initialized MultithreadedTaskDispatcher with 24 workers.
 -> (artifact id: '73035bb391cbed870c5d2ada33166d84') in 0.006619 seconds
Number of updated asset objects reloaded before import = 0
Number of asset objects unloaded after import = 2
========================================================================
Received Import Request.
  Time since last request: 0.270629 seconds.
  path: Assets/Female Locomotion Pack/Unity-chan! Model/Audio/Voice/univ1242.wav
  artifactKey: Guid(46b9e448015a64b6ba06fbfb60bd3318) Importer(815301076,1909f56bfc062723c751e8b465ee728b)
Start importing Assets/Female Locomotion Pack/Unity-chan! Model/Audio/Voice/univ1242.wav using Guid(46b9e448015a64b6ba06fbfb60bd3318) Importer(815301076,1909f56bfc062723c751e8b465ee728b) [PhysX] Initialized MultithreadedTaskDispatcher with 24 workers.
[PhysX] Initialized MultithreadedTaskDispatcher with 24 workers.
 -> (artifact id: 'a4c1515bd928d84db432594a0112ef9f') in 0.006274 seconds
Number of updated asset objects reloaded before import = 0
Number of asset objects unloaded after import = 2
========================================================================
Received Import Request.
  Time since last request: 0.000023 seconds.
  path: Assets/Female Locomotion Pack/Unity-chan! Model/Audio/Voice/univ1248.wav
  artifactKey: Guid(96b07f8982ea34681870acac203c65aa) Importer(815301076,1909f56bfc062723c751e8b465ee728b)
Start importing Assets/Female Locomotion Pack/Unity-chan! Model/Audio/Voice/univ1248.wav using Guid(96b07f8982ea34681870acac203c65aa) Importer(815301076,1909f56bfc062723c751e8b465ee728b) [PhysX] Initialized MultithreadedTaskDispatcher with 24 workers.
[PhysX] Initialized MultithreadedTaskDispatcher with 24 workers.
 -> (artifact id: 'b3246d18a567110405076d0375b559df') in 0.007869 seconds
Number of updated asset objects reloaded before import = 0
Number of asset objects unloaded after import = 2
========================================================================
Received Import Request.
  Time since last request: 0.000022 seconds.
  path: Assets/Female Locomotion Pack/Unity-chan! Model/Audio/Voice/univ1270.wav
  artifactKey: Guid(7753eb0d53cbb4faaa299f1db02e5d7b) Importer(815301076,1909f56bfc062723c751e8b465ee728b)
Start importing Assets/Female Locomotion Pack/Unity-chan! Model/Audio/Voice/univ1270.wav using Guid(7753eb0d53cbb4faaa299f1db02e5d7b) Importer(815301076,1909f56bfc062723c751e8b465ee728b) [PhysX] Initialized MultithreadedTaskDispatcher with 24 workers.
[PhysX] Initialized MultithreadedTaskDispatcher with 24 workers.
 -> (artifact id: 'f2fd6b63103cd4c7f0265dfaf78f2b36') in 0.006923 seconds
Number of updated asset objects reloaded before import = 0
Number of asset objects unloaded after import = 2
========================================================================
Received Import Request.
  Time since last request: 0.000023 seconds.
  path: Assets/Female Locomotion Pack/Unity-chan! Model/Audio/Voice/univ1273.wav
  artifactKey: Guid(155b80e2df5fe43cfaffbcd6a166f8a1) Importer(815301076,1909f56bfc062723c751e8b465ee728b)
Start importing Assets/Female Locomotion Pack/Unity-chan! Model/Audio/Voice/univ1273.wav using Guid(155b80e2df5fe43cfaffbcd6a166f8a1) Importer(815301076,1909f56bfc062723c751e8b465ee728b) [PhysX] Initialized MultithreadedTaskDispatcher with 24 workers.
[PhysX] Initialized MultithreadedTaskDispatcher with 24 workers.
 -> (artifact id: '1991945b150481efd8b0c199d60073e1') in 0.006249 seconds
Number of updated asset objects reloaded before import = 0
Number of asset objects unloaded after import = 2
========================================================================
Received Import Request.
  Time since last request: 0.000021 seconds.
  path: Assets/Female Locomotion Pack/Unity-chan! Model/Audio/Voice/univ1255.wav
  artifactKey: Guid(01272370b6a6c46efa539424d1295436) Importer(815301076,1909f56bfc062723c751e8b465ee728b)
Start importing Assets/Female Locomotion Pack/Unity-chan! Model/Audio/Voice/univ1255.wav using Guid(01272370b6a6c46efa539424d1295436) Importer(815301076,1909f56bfc062723c751e8b465ee728b) [PhysX] Initialized MultithreadedTaskDispatcher with 24 workers.
[PhysX] Initialized MultithreadedTaskDispatcher with 24 workers.
 -> (artifact id: '68e4c89c9fb91e6dba17dbf70283d664') in 0.007299 seconds
Number of updated asset objects reloaded before import = 0
Number of asset objects unloaded after import = 2
========================================================================
Received Import Request.
  Time since last request: 0.000022 seconds.
  path: Assets/Female Locomotion Pack/Unity-chan! Model/Audio/Voice/univ1274.wav
  artifactKey: Guid(5f88a4d000ef948e895ca3bc30b90b87) Importer(815301076,1909f56bfc062723c751e8b465ee728b)
Start importing Assets/Female Locomotion Pack/Unity-chan! Model/Audio/Voice/univ1274.wav using Guid(5f88a4d000ef948e895ca3bc30b90b87) Importer(815301076,1909f56bfc062723c751e8b465ee728b) [PhysX] Initialized MultithreadedTaskDispatcher with 24 workers.
[PhysX] Initialized MultithreadedTaskDispatcher with 24 workers.
 -> (artifact id: '1fdcd290efe1730fde9501063b72ede1') in 0.006251 seconds
Number of updated asset objects reloaded before import = 0
Number of asset objects unloaded after import = 2
========================================================================
Received Import Request.
  Time since last request: 0.193819 seconds.
  path: Assets/Female Locomotion Pack/Unity-chan! Model/Audio/Voice/univ1278.wav
  artifactKey: Guid(d13b766e4ed05467b8bff2adfe6594dc) Importer(815301076,1909f56bfc062723c751e8b465ee728b)
Start importing Assets/Female Locomotion Pack/Unity-chan! Model/Audio/Voice/univ1278.wav using Guid(d13b766e4ed05467b8bff2adfe6594dc) Importer(815301076,1909f56bfc062723c751e8b465ee728b) [PhysX] Initialized MultithreadedTaskDispatcher with 24 workers.
[PhysX] Initialized MultithreadedTaskDispatcher with 24 workers.
 -> (artifact id: '4bb17acce87f8761c20d921ed066c239') in 0.007461 seconds
Number of updated asset objects reloaded before import = 0
Number of asset objects unloaded after import = 2
========================================================================
Received Import Request.
  Time since last request: 0.000022 seconds.
  path: Assets/Female Locomotion Pack/Unity-chan! Model/Audio/Voice/univ1294.wav
  artifactKey: Guid(138b8507a18ff4cf98f14476447f401c) Importer(815301076,1909f56bfc062723c751e8b465ee728b)
Start importing Assets/Female Locomotion Pack/Unity-chan! Model/Audio/Voice/univ1294.wav using Guid(138b8507a18ff4cf98f14476447f401c) Importer(815301076,1909f56bfc062723c751e8b465ee728b) [PhysX] Initialized MultithreadedTaskDispatcher with 24 workers.
[PhysX] Initialized MultithreadedTaskDispatcher with 24 workers.
 -> (artifact id: 'ecea95a3d7c21c5a2fa3a54cff5dd3b3') in 0.006641 seconds
Number of updated asset objects reloaded before import = 0
Number of asset objects unloaded after import = 2
========================================================================
Received Import Request.
  Time since last request: 0.000022 seconds.
  path: Assets/Female Locomotion Pack/Unity-chan! Model/Audio/Voice/univ1302.wav
  artifactKey: Guid(3a27524a1084e4a23af7c7e112602a0e) Importer(815301076,1909f56bfc062723c751e8b465ee728b)
Start importing Assets/Female Locomotion Pack/Unity-chan! Model/Audio/Voice/univ1302.wav using Guid(3a27524a1084e4a23af7c7e112602a0e) Importer(815301076,1909f56bfc062723c751e8b465ee728b) [PhysX] Initialized MultithreadedTaskDispatcher with 24 workers.
[PhysX] Initialized MultithreadedTaskDispatcher with 24 workers.
 -> (artifact id: '2cbfae33581a54adf6d0dfb8acb88725') in 0.006243 seconds
Number of updated asset objects reloaded before import = 0
Number of asset objects unloaded after import = 2
========================================================================
Received Import Request.
  Time since last request: 0.000023 seconds.
  path: Assets/Female Locomotion Pack/Unity-chan! Model/Audio/Voice/univ1311.wav
  artifactKey: Guid(4e727d6a5f5174c03a8869166aa9aa8c) Importer(815301076,1909f56bfc062723c751e8b465ee728b)
Start importing Assets/Female Locomotion Pack/Unity-chan! Model/Audio/Voice/univ1311.wav using Guid(4e727d6a5f5174c03a8869166aa9aa8c) Importer(815301076,1909f56bfc062723c751e8b465ee728b) [PhysX] Initialized MultithreadedTaskDispatcher with 24 workers.
[PhysX] Initialized MultithreadedTaskDispatcher with 24 workers.
 -> (artifact id: 'e51bd757ba1972196af9657dfa24d8fd') in 0.006555 seconds
Number of updated asset objects reloaded before import = 0
Number of asset objects unloaded after import = 2
========================================================================
Received Import Request.
  Time since last request: 0.000029 seconds.
  path: Assets/Female Locomotion Pack/Unity-chan! Model/Audio/Voice/univ1306.wav
  artifactKey: Guid(e3126a7cef6154ae2a74e47befe434b2) Importer(815301076,1909f56bfc062723c751e8b465ee728b)
Start importing Assets/Female Locomotion Pack/Unity-chan! Model/Audio/Voice/univ1306.wav using Guid(e3126a7cef6154ae2a74e47befe434b2) Importer(815301076,1909f56bfc062723c751e8b465ee728b) [PhysX] Initialized MultithreadedTaskDispatcher with 24 workers.
[PhysX] Initialized MultithreadedTaskDispatcher with 24 workers.
 -> (artifact id: '95b91eac923d6b9dc3dfa97230270240') in 0.006164 seconds
Number of updated asset objects reloaded before import = 0
Number of asset objects unloaded after import = 2
========================================================================
Received Import Request.
  Time since last request: 0.000022 seconds.
  path: Assets/Female Locomotion Pack/Unity-chan! Model/Audio/Voice/univ1297.wav
  artifactKey: Guid(22dfa7e47d50747949d99f88793b7168) Importer(815301076,1909f56bfc062723c751e8b465ee728b)
Start importing Assets/Female Locomotion Pack/Unity-chan! Model/Audio/Voice/univ1297.wav using Guid(22dfa7e47d50747949d99f88793b7168) Importer(815301076,1909f56bfc062723c751e8b465ee728b) [PhysX] Initialized MultithreadedTaskDispatcher with 24 workers.
[PhysX] Initialized MultithreadedTaskDispatcher with 24 workers.
 -> (artifact id: 'f7518ff20f6eb61bc1ba7b9509e312b0') in 0.006412 seconds
Number of updated asset objects reloaded before import = 0
Number of asset objects unloaded after import = 2
========================================================================
Received Import Request.
  Time since last request: 0.179724 seconds.
  path: Assets/Female Locomotion Pack/Unity-chan! Model/Audio/Voice/univ1314.wav
  artifactKey: Guid(20387bf35c80644b285dc36f4c17582a) Importer(815301076,1909f56bfc062723c751e8b465ee728b)
Start importing Assets/Female Locomotion Pack/Unity-chan! Model/Audio/Voice/univ1314.wav using Guid(20387bf35c80644b285dc36f4c17582a) Importer(815301076,1909f56bfc062723c751e8b465ee728b) [PhysX] Initialized MultithreadedTaskDispatcher with 24 workers.
[PhysX] Initialized MultithreadedTaskDispatcher with 24 workers.
 -> (artifact id: '0a0f93b4f099953187a20b77e44597aa') in 0.007938 seconds
Number of updated asset objects reloaded before import = 0
Number of asset objects unloaded after import = 2
========================================================================
Received Import Request.
  Time since last request: 0.000027 seconds.
  path: Assets/Female Locomotion Pack/Unity-chan! Model/Audio/Voice/univ1322.wav
  artifactKey: Guid(4b1c9dc3e89084d52ae4459886eee31a) Importer(815301076,1909f56bfc062723c751e8b465ee728b)
Start importing Assets/Female Locomotion Pack/Unity-chan! Model/Audio/Voice/univ1322.wav using Guid(4b1c9dc3e89084d52ae4459886eee31a) Importer(815301076,1909f56bfc062723c751e8b465ee728b) [PhysX] Initialized MultithreadedTaskDispatcher with 24 workers.
[PhysX] Initialized MultithreadedTaskDispatcher with 24 workers.
 -> (artifact id: '3f80d9f6bbed15240258a78e45ebcb35') in 0.005873 seconds
Number of updated asset objects reloaded before import = 0
Number of asset objects unloaded after import = 2
========================================================================
Received Import Request.
  Time since last request: 0.000021 seconds.
  path: Assets/Female Locomotion Pack/Unity-chan! Model/Audio/Voice/univ1343.wav
  artifactKey: Guid(85d2bcf8ffdf647299390ab06504553c) Importer(815301076,1909f56bfc062723c751e8b465ee728b)
Start importing Assets/Female Locomotion Pack/Unity-chan! Model/Audio/Voice/univ1343.wav using Guid(85d2bcf8ffdf647299390ab06504553c) Importer(815301076,1909f56bfc062723c751e8b465ee728b) [PhysX] Initialized MultithreadedTaskDispatcher with 24 workers.
[PhysX] Initialized MultithreadedTaskDispatcher with 24 workers.
 -> (artifact id: 'aa6d360f7c52cc873421fc654dd9cdbf') in 0.006368 seconds
Number of updated asset objects reloaded before import = 0
Number of asset objects unloaded after import = 2
========================================================================
Received Import Request.
  Time since last request: 0.000035 seconds.
  path: Assets/Female Locomotion Pack/Unity-chan! Model/Audio/Voice/univ1336.wav
  artifactKey: Guid(5543d8654cc574850a6e7e1053340a7b) Importer(815301076,1909f56bfc062723c751e8b465ee728b)
Start importing Assets/Female Locomotion Pack/Unity-chan! Model/Audio/Voice/univ1336.wav using Guid(5543d8654cc574850a6e7e1053340a7b) Importer(815301076,1909f56bfc062723c751e8b465ee728b) [PhysX] Initialized MultithreadedTaskDispatcher with 24 workers.
[PhysX] Initialized MultithreadedTaskDispatcher with 24 workers.
 -> (artifact id: '81c0aeba3eff9d41a19c08223cb08820') in 0.006235 seconds
Number of updated asset objects reloaded before import = 0
Number of asset objects unloaded after import = 2
========================================================================
Received Import Request.
  Time since last request: 0.000021 seconds.
  path: Assets/Female Locomotion Pack/Unity-chan! Model/Audio/Voice/univ1339.wav
  artifactKey: Guid(adb5491a0f95d4ae2bc1b2b9235123ef) Importer(815301076,1909f56bfc062723c751e8b465ee728b)
Start importing Assets/Female Locomotion Pack/Unity-chan! Model/Audio/Voice/univ1339.wav using Guid(adb5491a0f95d4ae2bc1b2b9235123ef) Importer(815301076,1909f56bfc062723c751e8b465ee728b) [PhysX] Initialized MultithreadedTaskDispatcher with 24 workers.
[PhysX] Initialized MultithreadedTaskDispatcher with 24 workers.
 -> (artifact id: '30f433160bb410ecefd89841004b8454') in 0.006774 seconds
Number of updated asset objects reloaded before import = 0
Number of asset objects unloaded after import = 2
========================================================================
Received Import Request.
  Time since last request: 28.133203 seconds.
  path: Assets/Female Locomotion Pack/Unity-chan! Model/Art/Animations/unitychan_ARpose2.fbx
  artifactKey: Guid(edd51f298e7994c498b99bd24c098f52) Importer(815301076,1909f56bfc062723c751e8b465ee728b)
Start importing Assets/Female Locomotion Pack/Unity-chan! Model/Art/Animations/unitychan_ARpose2.fbx using Guid(edd51f298e7994c498b99bd24c098f52) Importer(815301076,1909f56bfc062723c751e8b465ee728b) [PhysX] Initialized MultithreadedTaskDispatcher with 24 workers.
 -> (artifact id: '2073b18e39894570790af8b763f4a290') in 0.019230 seconds
Number of updated asset objects reloaded before import = 0
Number of asset objects unloaded after import = 307
========================================================================
Received Import Request.
  Time since last request: 0.000032 seconds.
  path: Assets/Female Locomotion Pack/Unity-chan! Model/Art/Animations/unitychan_JUMP01.fbx
  artifactKey: Guid(87486f7b16eedbf4eb26567d70189058) Importer(815301076,1909f56bfc062723c751e8b465ee728b)
Start importing Assets/Female Locomotion Pack/Unity-chan! Model/Art/Animations/unitychan_JUMP01.fbx using Guid(87486f7b16eedbf4eb26567d70189058) Importer(815301076,1909f56bfc062723c751e8b465ee728b) [PhysX] Initialized MultithreadedTaskDispatcher with 24 workers.
[PhysX] Initialized MultithreadedTaskDispatcher with 24 workers.
[PhysX] Initialized MultithreadedTaskDispatcher with 24 workers.
[PhysX] Initialized MultithreadedTaskDispatcher with 24 workers.
[PhysX] Initialized MultithreadedTaskDispatcher with 24 workers.
[PhysX] Initialized MultithreadedTaskDispatcher with 24 workers.
[PhysX] Initialized MultithreadedTaskDispatcher with 24 workers.
[PhysX] Initialized MultithreadedTaskDispatcher with 24 workers.
[PhysX] Initialized MultithreadedTaskDispatcher with 24 workers.
[PhysX] Initialized MultithreadedTaskDispatcher with 24 workers.
[PhysX] Initialized MultithreadedTaskDispatcher with 24 workers.
 -> (artifact id: 'c74306c1559d36ae891d5036cd060737') in 0.049665 seconds
Number of updated asset objects reloaded before import = 0
Number of asset objects unloaded after import = 326
========================================================================
Received Import Request.
  Time since last request: 0.000027 seconds.
  path: Assets/Female Locomotion Pack/Unity-chan! Model/Art/Animations/unitychan_LOSE00.fbx
  artifactKey: Guid(c7df2ec8d896a4a15abc7636d440631b) Importer(815301076,1909f56bfc062723c751e8b465ee728b)
Start importing Assets/Female Locomotion Pack/Unity-chan! Model/Art/Animations/unitychan_LOSE00.fbx using Guid(c7df2ec8d896a4a15abc7636d440631b) Importer(815301076,1909f56bfc062723c751e8b465ee728b) [PhysX] Initialized MultithreadedTaskDispatcher with 24 workers.
[PhysX] Initialized MultithreadedTaskDispatcher with 24 workers.
[PhysX] Initialized MultithreadedTaskDispatcher with 24 workers.
[PhysX] Initialized MultithreadedTaskDispatcher with 24 workers.
[PhysX] Initialized MultithreadedTaskDispatcher with 24 workers.
[PhysX] Initialized MultithreadedTaskDispatcher with 24 workers.
[PhysX] Initialized MultithreadedTaskDispatcher with 24 workers.
[PhysX] Initialized MultithreadedTaskDispatcher with 24 workers.
[PhysX] Initialized MultithreadedTaskDispatcher with 24 workers.
[PhysX] Initialized MultithreadedTaskDispatcher with 24 workers.
[PhysX] Initialized MultithreadedTaskDispatcher with 24 workers.
 -> (artifact id: '96735914c27bed1f959fcf67e10f2304') in 0.055106 seconds
Number of updated asset objects reloaded before import = 0
Number of asset objects unloaded after import = 326
========================================================================
Received Import Request.
  Time since last request: 0.000042 seconds.
  path: Assets/Female Locomotion Pack/Unity-chan! Model/Art/Animations/unitychan_WIN00.fbx
  artifactKey: Guid(e2538d48c03da46a8b0c3b59d39a4cab) Importer(815301076,1909f56bfc062723c751e8b465ee728b)
Start importing Assets/Female Locomotion Pack/Unity-chan! Model/Art/Animations/unitychan_WIN00.fbx using Guid(e2538d48c03da46a8b0c3b59d39a4cab) Importer(815301076,1909f56bfc062723c751e8b465ee728b) [PhysX] Initialized MultithreadedTaskDispatcher with 24 workers.
[PhysX] Initialized MultithreadedTaskDispatcher with 24 workers.
[PhysX] Initialized MultithreadedTaskDispatcher with 24 workers.
[PhysX] Initialized MultithreadedTaskDispatcher with 24 workers.
[PhysX] Initialized MultithreadedTaskDispatcher with 24 workers.
[PhysX] Initialized MultithreadedTaskDispatcher with 24 workers.
[PhysX] Initialized MultithreadedTaskDispatcher with 24 workers.
[PhysX] Initialized MultithreadedTaskDispatcher with 24 workers.
[PhysX] Initialized MultithreadedTaskDispatcher with 24 workers.
[PhysX] Initialized MultithreadedTaskDispatcher with 24 workers.
[PhysX] Initialized MultithreadedTaskDispatcher with 24 workers.
 -> (artifact id: '25424921a093a1559c907480ffe6ab7b') in 0.052713 seconds
Number of updated asset objects reloaded before import = 0
Number of asset objects unloaded after import = 326
========================================================================
Received Import Request.
  Time since last request: 0.000024 seconds.
  path: Assets/Female Locomotion Pack/Unity-chan! Model/Art/Animations/unitychan_WAIT00.fbx
  artifactKey: Guid(0147e212f97e3d449a4b9e4f5d057180) Importer(815301076,1909f56bfc062723c751e8b465ee728b)
Start importing Assets/Female Locomotion Pack/Unity-chan! Model/Art/Animations/unitychan_WAIT00.fbx using Guid(0147e212f97e3d449a4b9e4f5d057180) Importer(815301076,1909f56bfc062723c751e8b465ee728b) [PhysX] Initialized MultithreadedTaskDispatcher with 24 workers.
[PhysX] Initialized MultithreadedTaskDispatcher with 24 workers.
[PhysX] Initialized MultithreadedTaskDispatcher with 24 workers.
[PhysX] Initialized MultithreadedTaskDispatcher with 24 workers.
[PhysX] Initialized MultithreadedTaskDispatcher with 24 workers.
[PhysX] Initialized MultithreadedTaskDispatcher with 24 workers.
[PhysX] Initialized MultithreadedTaskDispatcher with 24 workers.
[PhysX] Initialized MultithreadedTaskDispatcher with 24 workers.
[PhysX] Initialized MultithreadedTaskDispatcher with 24 workers.
[PhysX] Initialized MultithreadedTaskDispatcher with 24 workers.
[PhysX] Initialized MultithreadedTaskDispatcher with 24 workers.
 -> (artifact id: '0fab110f880fbba4409da5f5a76f67c2') in 0.051432 seconds
Number of updated asset objects reloaded before import = 0
Number of asset objects unloaded after import = 326
========================================================================
Received Import Request.
  Time since last request: 0.000025 seconds.
  path: Assets/Female Locomotion Pack/Unity-chan! Model/Art/Animations/unitychan_WALK00_F.fbx
  artifactKey: Guid(e52be2fa48716194ea1d9d76686005f8) Importer(815301076,1909f56bfc062723c751e8b465ee728b)
Start importing Assets/Female Locomotion Pack/Unity-chan! Model/Art/Animations/unitychan_WALK00_F.fbx using Guid(e52be2fa48716194ea1d9d76686005f8) Importer(815301076,1909f56bfc062723c751e8b465ee728b) [PhysX] Initialized MultithreadedTaskDispatcher with 24 workers.
[PhysX] Initialized MultithreadedTaskDispatcher with 24 workers.
[PhysX] Initialized MultithreadedTaskDispatcher with 24 workers.
[PhysX] Initialized MultithreadedTaskDispatcher with 24 workers.
[PhysX] Initialized MultithreadedTaskDispatcher with 24 workers.
[PhysX] Initialized MultithreadedTaskDispatcher with 24 workers.
[PhysX] Initialized MultithreadedTaskDispatcher with 24 workers.
[PhysX] Initialized MultithreadedTaskDispatcher with 24 workers.
[PhysX] Initialized MultithreadedTaskDispatcher with 24 workers.
[PhysX] Initialized MultithreadedTaskDispatcher with 24 workers.
[PhysX] Initialized MultithreadedTaskDispatcher with 24 workers.
 -> (artifact id: '470e48292a597bd856c4941426848070') in 0.048569 seconds
Number of updated asset objects reloaded before import = 0
Number of asset objects unloaded after import = 326
========================================================================
Received Import Request.
  Time since last request: 0.000026 seconds.
  path: Assets/Female Locomotion Pack/Unity-chan! Model/Art/Animations/unitychan_REFLESH00.fbx
  artifactKey: Guid(842226a6a478847f9b6f5c746ae1cb95) Importer(815301076,1909f56bfc062723c751e8b465ee728b)
Start importing Assets/Female Locomotion Pack/Unity-chan! Model/Art/Animations/unitychan_REFLESH00.fbx using Guid(842226a6a478847f9b6f5c746ae1cb95) Importer(815301076,1909f56bfc062723c751e8b465ee728b) [PhysX] Initialized MultithreadedTaskDispatcher with 24 workers.
[PhysX] Initialized MultithreadedTaskDispatcher with 24 workers.
[PhysX] Initialized MultithreadedTaskDispatcher with 24 workers.
[PhysX] Initialized MultithreadedTaskDispatcher with 24 workers.
[PhysX] Initialized MultithreadedTaskDispatcher with 24 workers.
[PhysX] Initialized MultithreadedTaskDispatcher with 24 workers.
[PhysX] Initialized MultithreadedTaskDispatcher with 24 workers.
[PhysX] Initialized MultithreadedTaskDispatcher with 24 workers.
[PhysX] Initialized MultithreadedTaskDispatcher with 24 workers.
[PhysX] Initialized MultithreadedTaskDispatcher with 24 workers.
[PhysX] Initialized MultithreadedTaskDispatcher with 24 workers.
 -> (artifact id: '0ae9b1bf4b31729ccb868276627e6f90') in 0.047584 seconds
Number of updated asset objects reloaded before import = 0
Number of asset objects unloaded after import = 326
========================================================================
Received Import Request.
  Time since last request: 0.000034 seconds.
  path: Assets/Female Locomotion Pack/Unity-chan! Model/Art/Animations/unitychan_RUN00_F.fbx
  artifactKey: Guid(26055e26f15260e4e8e0e51f50c41926) Importer(815301076,1909f56bfc062723c751e8b465ee728b)
Start importing Assets/Female Locomotion Pack/Unity-chan! Model/Art/Animations/unitychan_RUN00_F.fbx using Guid(26055e26f15260e4e8e0e51f50c41926) Importer(815301076,1909f56bfc062723c751e8b465ee728b) [PhysX] Initialized MultithreadedTaskDispatcher with 24 workers.
[PhysX] Initialized MultithreadedTaskDispatcher with 24 workers.
[PhysX] Initialized MultithreadedTaskDispatcher with 24 workers.
[PhysX] Initialized MultithreadedTaskDispatcher with 24 workers.
[PhysX] Initialized MultithreadedTaskDispatcher with 24 workers.
[PhysX] Initialized MultithreadedTaskDispatcher with 24 workers.
[PhysX] Initialized MultithreadedTaskDispatcher with 24 workers.
[PhysX] Initialized MultithreadedTaskDispatcher with 24 workers.
[PhysX] Initialized MultithreadedTaskDispatcher with 24 workers.
[PhysX] Initialized MultithreadedTaskDispatcher with 24 workers.
[PhysX] Initialized MultithreadedTaskDispatcher with 24 workers.
 -> (artifact id: '8cf9c1f0e43a266c5e5ca01392899bb7') in 0.053218 seconds
Number of updated asset objects reloaded before import = 0
Number of asset objects unloaded after import = 326
========================================================================
Received Prepare
Begin MonoManager ReloadAssembly
- Loaded All Assemblies, in  0.592 seconds
Refreshing native plugins compatible for Editor in 4.82 ms, found 3 plugins.
Native extension for UWP target not found
Native extension for LinuxStandalone target not found
Native extension for WindowsStandalone target not found
Native extension for AppleTV target not found
Failed to load: C:/Program Files/Unity/Hub/Editor/2022.3.32f1/Editor/Data/PlaybackEngines/VisionOSPlayer\x64\UnityEditor.VisionOS.Native.dll
Native extension for VisionOS target not found
Native extension for iOS target not found
Native extension for Android target not found
Native extension for OSXStandalone target not found
Native extension for WebGL target not found
[Package Manager] Server::EnsureServerProcessIsRunning -- launch failed, reason: Unity was launched with the -noUpm command-line argument
[Package Manager] UpmClient::Send -- Unable to send message (not connected to UPM process).
[Package Manager] Cannot connect to Unity Package Manager local server
Mono: successfully reloaded assembly
- Finished resetting the current domain, in  1.511 seconds
Domain Reload Profiling: 2102ms
	BeginReloadAssembly (223ms)
		ExecutionOrderSort (0ms)
		DisableScriptedObjects (35ms)
		BackupInstance (0ms)
		ReleaseScriptingObjects (0ms)
		CreateAndSetChildDomain (62ms)
	RebuildCommonClasses (29ms)
	RebuildNativeTypeToScriptingClass (11ms)
	initialDomainReloadingComplete (26ms)
	LoadAllAssembliesAndSetupDomain (300ms)
		LoadAssemblies (324ms)
		RebuildTransferFunctionScriptingTraits (0ms)
		AnalyzeDomain (62ms)
			TypeCache.Refresh (18ms)
				TypeCache.ScanAssembly (0ms)
			ScanForSourceGeneratedMonoScriptInfo (31ms)
			ResolveRequiredComponents (11ms)
	FinalizeReload (1512ms)
		ReleaseScriptCaches (0ms)
		RebuildScriptCaches (0ms)
		SetupLoadedEditorAssemblies (452ms)
			LogAssemblyErrors (0ms)
			InitializePlatformSupportModulesInManaged (45ms)
			SetLoadedEditorAssemblies (3ms)
			RefreshPlugins (0ms)
			BeforeProcessingInitializeOnLoad (63ms)
			ProcessInitializeOnLoadAttributes (314ms)
			ProcessInitializeOnLoadMethodAttributes (24ms)
			AfterProcessingInitializeOnLoad (4ms)
			EditorAssembliesLoaded (0ms)
		ExecutionOrderSort2 (0ms)
		AwakeInstancesAfterBackupRestoration (46ms)
Refreshing native plugins compatible for Editor in 5.20 ms, found 3 plugins.
Preloading 0 native plugins for Editor in 0.00 ms.
Unloading 5909 Unused Serialized files (Serialized files now loaded: 0)
Unloading 73 unused Assets / (3.6 MB). Loaded Objects now: 6894.
Memory consumption went from 258.3 MB to 254.7 MB.
Total: 4.457500 ms (FindLiveObjects: 0.504300 ms CreateObjectMapping: 0.197200 ms MarkObjects: 3.052300 ms  DeleteObjects: 0.702600 ms)

Prepare: number of updated asset objects reloaded= 10
AssetImportParameters requested are different than current active one (requested -> active):
  custom:scripting/monoscript/fileName/UnityChanControlScriptWithRgidBody.cs: e6ad178b4f24d3fb6df560f63a9af963 -> e6270e628b445f45f3b5d2688e9f7023
  custom:container-demuxer-ogg: 62fdf1f143b41e24485cea50d1cbac27 -> 
  custom:video-decoder-ogg-theora: a1e56fd34408186e4bbccfd4996cb3dc -> 
  custom:framework-win-MediaFoundation: 216162199b28c13a410421893ffa2e32 -> 
  custom:scripting/monoscript/fileName/SplashScreen.cs: 4f15bdeda5786e36b26ec9f1ee28d049 -> 0755d608089cbc7d0e953ccbc748a0c5
  custom:scripting/monoscript/fileName/SpringManager.cs: 63fae3f257b6da23647eb30a46508886 -> da39798abae1af426996aad29ffd5776
  custom:scripting/monoscript/fileName/IdleChanger.cs: d7ff7cacbc969432e0ab5d0a90b33d30 -> 0d42658b2b153f87462fd4e5e96a13ee
  custom:CustomObjectIndexerAttribute: 9a22284fe3817be447336de3de66b15e -> 
  custom:scripting/monoscript/fileName/SpringBone.cs: dbd48510a58b6cedaa07b1e00b932e85 -> c42174da46e34ca23f01039571bd21a7
  custom:container-demuxer-webm: 4f35f7cbe854078d1ac9338744f61a02 -> 
  custom:scripting/monoscript/fileName/SpringCollider.cs: 1aaeb07b34dddf2d3419a09c4f27fa99 -> b95717af7a1b7c4f1cedbda2e4581451
  custom:container-muxer-webm: aa71ff27fc2769a1b78a27578f13a17b -> 
  custom:scripting/monoscript/fileName/RandomWind.cs: 940d706628800ba0016ad2dda173d059 -> 2f8fa34249abdeb18b156658f50cf6b0
  custom:video-decoder-webm-vp8: 9c59270c3fd7afecdb556c50c9e8de78 -> 
  custom:scripting/monoscript/fileName/AutoBlink.cs: 80cab70de5be63762aa7ba69af305dea -> c4896b0bc763e45116fcb71524820395
  custom:scripting/monoscript/fileName/IKCtrlRightHand.cs: 39509998bd9a5b13b4e2590ad828f9fa -> af5a857eb9c61b41538bf9623698a2d1
  custom:SearchIndexIgnoredProperties: e643bd26f0fe6173181afceb89e7c659 -> 
  custom:AudioImporter_EditorPlatform: d09bf68614088b80899f8185d706f6e7 -> 
  custom:scripting/monoscript/fileName/FaceUpdate.cs: 23603e6fd54448a03c5b0e5bc0ec0eaa -> 936c881d460b8437fb80f048d1ed5d71
  custom:scripting/monoscript/fileName/CameraController.cs: 8e751b4971e7eade8101031695d810d5 -> aec47e38b39d8189645743359554ec01
  custom:video-encoder-webm-vp8: eb34c28f22e8b96e1ab97ce403110664 -> 
  custom:audio-decoder-ogg-vorbis: bf7c407c2cedff20999df2af8eb42d56 -> 
  custom:scripting/monoscript/fileName/ThirdPersonCamera.cs: f37302e2a4ffce4a1ce32e6a1179ee5e -> 89540b84413d3214a0393df626fc7e4d
  custom:audio-encoder-webm-vorbis: bf7c407c2cedff20999df2af8eb42d56 -> 
  custom:scripting/monoscript/fileName/CreateLocatorHere.cs: 2dbcc4bdf7bee4c4e6b63af51f1aaa17 -> 098e9e1de058b87e40168482a0f4c62f
Editor requested this worker to shutdown with reason: Scaling down because of idle timeout
TcpMessagingSession - receive error: operation aborted. errorcode: 995, details: The I/O operation has been aborted because of either a thread exit or an application request.
AssetImportWorker is now disconnected from the server
Process exiting
Exiting without the bug reporter. Application will terminate with return code 0